#
# There is insufficient memory for the Java Runtime Environment to continue.
# Native memory allocation (malloc) failed to allocate 799056 bytes for Chunk::new
# Possible reasons:
#   The system is out of physical RAM or swap space
#   The process is running with CompressedOops enabled, and the Java Heap may be blocking the growth of the native heap
# Possible solutions:
#   Reduce memory load on the system
#   Increase physical memory or swap space
#   Check if swap backing store is full
#   Decrease Java heap size (-Xmx/-Xms)
#   Decrease number of Java threads
#   Decrease Java thread stack sizes (-Xss)
#   Set larger code cache with -XX:ReservedCodeCacheSize=
#   JVM is running with Zero Based Compressed Oops mode in which the Java heap is
#     placed in the first 32GB address space. The Java Heap base address is the
#     maximum limit for the native heap growth. Please use -XX:HeapBaseMinAddress
#     to set the Java Heap base and to place the Java Heap above 32GB virtual address.
# This output file may be truncated or incomplete.
#
#  Out of Memory Error (arena.cpp:184), pid=16396, tid=24000
#
# JRE version: OpenJDK Runtime Environment (19.0.2+7) (build 19.0.2+7-44)
# Java VM: OpenJDK 64-Bit Server VM (19.0.2+7-44, mixed mode, sharing, tiered, compressed oops, compressed class ptrs, g1 gc, windows-amd64)
# No core dump will be written. Minidumps are not enabled by default on client versions of Windows
#

---------------  S U M M A R Y ------------

Command Line: -agentlib:jdwp=transport=dt_socket,address=127.0.0.1:8643,suspend=y,server=n -ea -Didea.test.cyclic.buffer.size=1048576 -javaagent:C:\Users\Joey\AppData\Local\JetBrains\IntelliJIdea2022.3\captureAgent\debugger-agent.jar=file:/C:/Users/Joey/AppData/Local/Temp/capture.props -Dfile.encoding=UTF-8 -Dsun.stdout.encoding=UTF-8 -Dsun.stderr.encoding=UTF-8 com.intellij.rt.junit.JUnitStarter -ideVersion5 -junit5 com.yy.stock.test.StockSchedulerTest,testBuddy

Host: Intel(R) Xeon(R) CPU E5-2650 v2 @ 2.60GHz, 16 cores, 31G,  Windows 10 , 64 bit Build 19041 (10.0.19041.2913)
Time: Fri May 19 23:16:26 2023  Windows 10 , 64 bit Build 19041 (10.0.19041.2913) elapsed time: 7.366162 seconds (0d 0h 0m 7s)

---------------  T H R E A D  ---------------

Current thread (0x000001c0a6e4ee40):  JavaThread "C2 CompilerThread0" daemon [_thread_in_native, id=24000, stack(0x0000006c93700000,0x0000006c93800000)]


Current CompileTask:
C2:   7366 4598       4       org.springframework.asm.ClassReader::readMethod (1061 bytes)

Stack: [0x0000006c93700000,0x0000006c93800000]
Native frames: (J=compiled Java code, j=interpreted, Vv=VM code, C=native code)
V  [jvm.dll+0x6ee21a]
V  [jvm.dll+0x85765e]
V  [jvm.dll+0x85904e]
V  [jvm.dll+0x859703]
V  [jvm.dll+0x28298f]
V  [jvm.dll+0xc9adf]
V  [jvm.dll+0xc9e65]
V  [jvm.dll+0x2f7caf]
V  [jvm.dll+0x5f076b]
V  [jvm.dll+0x255483]
V  [jvm.dll+0x24de26]
V  [jvm.dll+0x24b673]
V  [jvm.dll+0x1d6ce1]
V  [jvm.dll+0x25b25a]
V  [jvm.dll+0x2596e8]
V  [jvm.dll+0x807588]
V  [jvm.dll+0x80125a]
V  [jvm.dll+0x6ecf0b]
C  [ucrtbase.dll+0x21bb2]
C  [KERNEL32.DLL+0x17614]
C  [ntdll.dll+0x526a1]


---------------  P R O C E S S  ---------------

Threads class SMR info:
_java_thread_list=0x000001c0ab876450, length=43, elements={
0x000001c0f96c8130, 0x000001c0a6e34d50, 0x000001c0a6e35b40, 0x000001c0a6e37410,
0x000001c0a6e38f50, 0x000001c0a6e3b9d0, 0x000001c0a6e4bf10, 0x000001c0a6e4ee40,
0x000001c0a6e4f7b0, 0x000001c0a6e62110, 0x000001c0a6f28c90, 0x000001c0fd1f3770,
0x000001c0a703a550, 0x000001c0a70c1fb0, 0x000001c0a70c2920, 0x000001c0a70baae0,
0x000001c0a70a8350, 0x000001c0aca164b0, 0x000001c0affd9a50, 0x000001c0afdad020,
0x000001c0ae2be000, 0x000001c0ad111f10, 0x000001c0afa07ed0, 0x000001c0af8db7e0,
0x000001c0ae19b5a0, 0x000001c0ae19ab00, 0x000001c0ae198b20, 0x000001c0ae199070,
0x000001c0ae199b10, 0x000001c0ae19b050, 0x000001c0ae19a5b0, 0x000001c0ae1995c0,
0x000001c0ae1985d0, 0x000001c0afb78420, 0x000001c0ae198080, 0x000001c0ae19a060,
0x000001c0b0205c10, 0x000001c0b0203c30, 0x000001c0b0204180, 0x000001c0b02076a0,
0x000001c0b0202c40, 0x000001c0adabe800, 0x000001c0ac28ca90
}

Java Threads: ( => current thread )
  0x000001c0f96c8130 JavaThread "main" [_thread_in_Java, id=35048, stack(0x0000006c92a00000,0x0000006c92b00000)]
  0x000001c0a6e34d50 JavaThread "Reference Handler" daemon [_thread_blocked, id=12056, stack(0x0000006c93100000,0x0000006c93200000)]
  0x000001c0a6e35b40 JavaThread "Finalizer" daemon [_thread_blocked, id=4764, stack(0x0000006c93200000,0x0000006c93300000)]
  0x000001c0a6e37410 JavaThread "Signal Dispatcher" daemon [_thread_blocked, id=32372, stack(0x0000006c93300000,0x0000006c93400000)]
  0x000001c0a6e38f50 JavaThread "Attach Listener" daemon [_thread_blocked, id=34376, stack(0x0000006c93400000,0x0000006c93500000)]
  0x000001c0a6e3b9d0 JavaThread "Service Thread" daemon [_thread_blocked, id=1116, stack(0x0000006c93500000,0x0000006c93600000)]
  0x000001c0a6e4bf10 JavaThread "Monitor Deflation Thread" daemon [_thread_blocked, id=33644, stack(0x0000006c93600000,0x0000006c93700000)]
=>0x000001c0a6e4ee40 JavaThread "C2 CompilerThread0" daemon [_thread_in_native, id=24000, stack(0x0000006c93700000,0x0000006c93800000)]
  0x000001c0a6e4f7b0 JavaThread "C1 CompilerThread0" daemon [_thread_blocked, id=1816, stack(0x0000006c93800000,0x0000006c93900000)]
  0x000001c0a6e62110 JavaThread "Sweeper thread" daemon [_thread_blocked, id=21628, stack(0x0000006c93900000,0x0000006c93a00000)]
  0x000001c0a6f28c90 JavaThread "Common-Cleaner" daemon [_thread_blocked, id=34716, stack(0x0000006c93a00000,0x0000006c93b00000)]
  0x000001c0fd1f3770 JavaThread "C1 CompilerThread1" daemon [_thread_blocked, id=30364, stack(0x0000006c93b00000,0x0000006c93c00000)]
  0x000001c0a703a550 JavaThread "C1 CompilerThread2" daemon [_thread_blocked, id=12740, stack(0x0000006c93c00000,0x0000006c93d00000)]
  0x000001c0a70c1fb0 JavaThread "JDWP Transport Listener: dt_socket" daemon [_thread_blocked, id=34780, stack(0x0000006c93d00000,0x0000006c93e00000)]
  0x000001c0a70c2920 JavaThread "JDWP Event Helper Thread" daemon [_thread_blocked, id=22608, stack(0x0000006c93e00000,0x0000006c93f00000)]
  0x000001c0a70baae0 JavaThread "JDWP Command Reader" daemon [_thread_in_native, id=33880, stack(0x0000006c93f00000,0x0000006c94000000)]
  0x000001c0a70a8350 JavaThread "Notification Thread" daemon [_thread_blocked, id=34552, stack(0x0000006c94000000,0x0000006c94100000)]
  0x000001c0aca164b0 JavaThread "C1 CompilerThread3" daemon [_thread_blocked, id=10892, stack(0x0000006c94f00000,0x0000006c95000000)]
  0x000001c0affd9a50 JavaThread "com.alibaba.nacos.client.auth.ram.identify.watcher.0" daemon [_thread_blocked, id=35268, stack(0x0000006c95200000,0x0000006c95300000)]
  0x000001c0afdad020 JavaThread "com.alibaba.nacos.client.Worker" daemon [_thread_blocked, id=29792, stack(0x0000006c95500000,0x0000006c95600000)]
  0x000001c0ae2be000 JavaThread "com.alibaba.nacos.client.Worker" daemon [_thread_blocked, id=22860, stack(0x0000006c95600000,0x0000006c95700000)]
  0x000001c0ad111f10 JavaThread "com.alibaba.nacos.client.Worker" daemon [_thread_blocked, id=29676, stack(0x0000006c95700000,0x0000006c95800000)]
  0x000001c0afa07ed0 JavaThread "nacos.publisher-com.alibaba.nacos.common.notify.SlowEvent" daemon [_thread_blocked, id=28348, stack(0x0000006c95100000,0x0000006c95200000)]
  0x000001c0af8db7e0 JavaThread "com.alibaba.nacos.client.remote.worker" daemon [_thread_blocked, id=33112, stack(0x0000006c95800000,0x0000006c95900000)]
  0x000001c0ae19b5a0 JavaThread "com.alibaba.nacos.client.remote.worker" daemon [_thread_blocked, id=36072, stack(0x0000006c95900000,0x0000006c95a00000)]
  0x000001c0ae19ab00 JavaThread "grpc-nio-worker-ELG-1-1" daemon [_thread_in_native, id=2424, stack(0x0000006c94200000,0x0000006c94300000)]
  0x000001c0ae198b20 JavaThread "grpc-default-executor-0" daemon [_thread_blocked, id=27008, stack(0x0000006c95000000,0x0000006c95100000)]
  0x000001c0ae199070 JavaThread "grpc-nio-worker-ELG-1-2" daemon [_thread_in_native, id=22712, stack(0x0000006c95a00000,0x0000006c95b00000)]
  0x000001c0ae199b10 JavaThread "nacos-grpc-client-executor-192.168.50.238-0" daemon [_thread_blocked, id=14404, stack(0x0000006c95c00000,0x0000006c95d00000)]
  0x000001c0ae19b050 JavaThread "nacos-grpc-client-executor-192.168.50.238-1" daemon [_thread_blocked, id=32100, stack(0x0000006c95d00000,0x0000006c95e00000)]
  0x000001c0ae19a5b0 JavaThread "nacos-grpc-client-executor-192.168.50.238-2" daemon [_thread_blocked, id=35708, stack(0x0000006c95e00000,0x0000006c95f00000)]
  0x000001c0ae1995c0 JavaThread "nacos-grpc-client-executor-192.168.50.238-3" daemon [_thread_blocked, id=13036, stack(0x0000006c95f00000,0x0000006c96000000)]
  0x000001c0ae1985d0 JavaThread "nacos-grpc-client-executor-192.168.50.238-4" daemon [_thread_blocked, id=20012, stack(0x0000006c96000000,0x0000006c96100000)]
  0x000001c0afb78420 JavaThread "C2 CompilerThread1" daemon [_thread_in_native, id=27416, stack(0x0000006c96100000,0x0000006c96200000)]
  0x000001c0ae198080 JavaThread "nacos-grpc-client-executor-192.168.50.238-5" daemon [_thread_blocked, id=31536, stack(0x0000006c96200000,0x0000006c96300000)]
  0x000001c0ae19a060 JavaThread "nacos-grpc-client-executor-192.168.50.238-6" daemon [_thread_blocked, id=20148, stack(0x0000006c96300000,0x0000006c96400000)]
  0x000001c0b0205c10 JavaThread "nacos-grpc-client-executor-192.168.50.238-7" daemon [_thread_blocked, id=17284, stack(0x0000006c96400000,0x0000006c96500000)]
  0x000001c0b0203c30 JavaThread "nacos-grpc-client-executor-192.168.50.238-8" daemon [_thread_blocked, id=16940, stack(0x0000006c96500000,0x0000006c96600000)]
  0x000001c0b0204180 JavaThread "nacos-grpc-client-executor-192.168.50.238-9" daemon [_thread_blocked, id=10884, stack(0x0000006c96600000,0x0000006c96700000)]
  0x000001c0b02076a0 JavaThread "nacos-grpc-client-executor-192.168.50.238-10" daemon [_thread_blocked, id=35412, stack(0x0000006c96700000,0x0000006c96800000)]
  0x000001c0b0202c40 JavaThread "nacos-grpc-client-executor-192.168.50.238-11" daemon [_thread_blocked, id=30592, stack(0x0000006c96800000,0x0000006c96900000)]
  0x000001c0adabe800 JavaThread "C2 CompilerThread2" daemon [_thread_in_native, id=9320, stack(0x0000006c96900000,0x0000006c96a00000)]
  0x000001c0ac28ca90 JavaThread "C2 CompilerThread3" daemon [_thread_blocked, id=8608, stack(0x0000006c96a00000,0x0000006c96b00000)]

Other Threads:
  0x000001c0a6e15470 VMThread "VM Thread" [stack: 0x0000006c93000000,0x0000006c93100000] [id=21960]
  0x000001c0a713ffd0 WatcherThread "VM Periodic Task Thread" [stack: 0x0000006c94100000,0x0000006c94200000] [id=2316]
  0x000001c0f977e960 WorkerThread "GC Thread#0" [stack: 0x0000006c92b00000,0x0000006c92c00000] [id=35536]
  0x000001c0abdcaf20 WorkerThread "GC Thread#1" [stack: 0x0000006c94300000,0x0000006c94400000] [id=25720]
  0x000001c0ac459220 WorkerThread "GC Thread#2" [stack: 0x0000006c94400000,0x0000006c94500000] [id=16996]
  0x000001c0ac4586e0 WorkerThread "GC Thread#3" [stack: 0x0000006c94500000,0x0000006c94600000] [id=36008]
  0x000001c0ac4597c0 WorkerThread "GC Thread#4" [stack: 0x0000006c94600000,0x0000006c94700000] [id=12156]
  0x000001c0ac4589b0 WorkerThread "GC Thread#5" [stack: 0x0000006c94700000,0x0000006c94800000] [id=34612]
  0x000001c0ac459a90 WorkerThread "GC Thread#6" [stack: 0x0000006c94800000,0x0000006c94900000] [id=32888]
  0x000001c0ac458c80 WorkerThread "GC Thread#7" [stack: 0x0000006c94900000,0x0000006c94a00000] [id=12196]
  0x000001c0ac459d60 WorkerThread "GC Thread#8" [stack: 0x0000006c94a00000,0x0000006c94b00000] [id=33024]
  0x000001c0ac45a300 WorkerThread "GC Thread#9" [stack: 0x0000006c94b00000,0x0000006c94c00000] [id=5512]
  0x000001c0ac4594f0 WorkerThread "GC Thread#10" [stack: 0x0000006c94c00000,0x0000006c94d00000] [id=19240]
  0x000001c0ac45a030 WorkerThread "GC Thread#11" [stack: 0x0000006c94d00000,0x0000006c94e00000] [id=1420]
  0x000001c0acdf9810 WorkerThread "GC Thread#12" [stack: 0x0000006c94e00000,0x0000006c94f00000] [id=7496]
  0x000001c0fd011280 ConcurrentGCThread "G1 Main Marker" [stack: 0x0000006c92c00000,0x0000006c92d00000] [id=12688]
  0x000001c0fd011cb0 WorkerThread "G1 Conc#0" [stack: 0x0000006c92d00000,0x0000006c92e00000] [id=31264]
  0x000001c0acdfb430 WorkerThread "G1 Conc#1" [stack: 0x0000006c95300000,0x0000006c95400000] [id=9092]
  0x000001c0acdf8fa0 WorkerThread "G1 Conc#2" [stack: 0x0000006c95400000,0x0000006c95500000] [id=5516]
  0x000001c0fd0bf150 ConcurrentGCThread "G1 Refine#0" [stack: 0x0000006c92e00000,0x0000006c92f00000] [id=9076]
  0x000001c0fd0bfc90 ConcurrentGCThread "G1 Service" [stack: 0x0000006c92f00000,0x0000006c93000000] [id=35056]

Threads with active compile tasks:
C2 CompilerThread0     7441 4598       4       org.springframework.asm.ClassReader::readMethod (1061 bytes)
C2 CompilerThread1     7441 4641       4       org.springframework.core.type.classreading.SimpleMethodMetadataReadingVisitor::visitEnd (56 bytes)
C2 CompilerThread2     7441 4677 %     4       org.springframework.asm.ClassReader::<init> @ 97 (359 bytes)

VM state: not at safepoint (normal execution)

VM Mutex/Monitor currently owned by a thread: None

Heap address: 0x0000000601000000, size: 8176 MB, Compressed Oops mode: Zero based, Oop shift amount: 3

CDS archive(s) mapped at: [0x0000000800000000-0x0000000800c40000-0x0000000800c40000), size 12845056, SharedBaseAddress: 0x0000000800000000, ArchiveRelocationMode: 0.
Compressed class space mapped at: 0x0000000801000000-0x0000000841000000, reserved size: 1073741824
Narrow klass base: 0x0000000800000000, Narrow klass shift: 0, Narrow klass range: 0x100000000

GC Precious Log:
 CardTable entry size: 512
 Card Set container configuration: InlinePtr #cards 4 size 8 Array Of Cards #cards 32 size 80 Howl #buckets 8 coarsen threshold 7372 Howl Bitmap #cards 1024 size 144 coarsen threshold 921 Card regions per heap region 1 cards per card region 8192
 CPUs: 16 total, 16 available
 Memory: 32694M
 Large Page Support: Disabled
 NUMA Support: Disabled
 Compressed Oops: Enabled (Zero based)
 Heap Region Size: 4M
 Heap Min Capacity: 8M
 Heap Initial Capacity: 512M
 Heap Max Capacity: 8176M
 Pre-touch: Disabled
 Parallel Workers: 13
 Concurrent Workers: 3
 Concurrent Refinement Workers: 13
 Periodic GC: Disabled

Heap:
 garbage-first heap   total 122880K, used 74962K [0x0000000601000000, 0x0000000800000000)
  region size 4096K, 13 young (53248K), 1 survivors (4096K)
 Metaspace       used 41269K, committed 41664K, reserved 1114112K
  class space    used 5082K, committed 5248K, reserved 1048576K

Heap Regions: E=young(eden), S=young(survivor), O=old, HS=humongous(starts), HC=humongous(continues), CS=collection set, F=free, OA=open archive, CA=closed archive, TAMS=top-at-mark-start (previous, next)
|   0|0x0000000601000000, 0x0000000601400000, 0x0000000601400000|100%| O|  |TAMS 0x0000000601400000, 0x0000000601000000| Untracked 
|   1|0x0000000601400000, 0x0000000601800000, 0x0000000601800000|100%| O|  |TAMS 0x0000000601800000, 0x0000000601400000| Untracked 
|   2|0x0000000601800000, 0x0000000601c00000, 0x0000000601c00000|100%| O|  |TAMS 0x0000000601c00000, 0x0000000601800000| Untracked 
|   3|0x0000000601c00000, 0x0000000601c00000, 0x0000000602000000|  0%| F|  |TAMS 0x0000000601c00000, 0x0000000601c00000| Untracked 
|   4|0x0000000602000000, 0x0000000602367a00, 0x0000000602400000| 85%| O|  |TAMS 0x0000000602367a00, 0x0000000602000000| Complete 
|   5|0x0000000602400000, 0x0000000602800000, 0x0000000602800000|100%| O|  |TAMS 0x0000000602800000, 0x0000000602400000| Untracked 
|   6|0x0000000602800000, 0x0000000602c00000, 0x0000000602c00000|100%| O|  |TAMS 0x0000000602c00000, 0x0000000602800000| Untracked 
|   7|0x0000000602c00000, 0x0000000603000000, 0x0000000603000000|100%| O|  |TAMS 0x0000000603000000, 0x0000000602c00000| Untracked 
|   8|0x0000000603000000, 0x0000000603149400, 0x0000000603400000| 32%| O|  |TAMS 0x0000000603149400, 0x0000000603000000| Untracked 
|   9|0x0000000603400000, 0x0000000603400000, 0x0000000603800000|  0%| F|  |TAMS 0x0000000603400000, 0x0000000603400000| Untracked 
|  10|0x0000000603800000, 0x0000000603800000, 0x0000000603c00000|  0%| F|  |TAMS 0x0000000603800000, 0x0000000603800000| Untracked 
|  11|0x0000000603c00000, 0x0000000603c00000, 0x0000000604000000|  0%| F|  |TAMS 0x0000000603c00000, 0x0000000603c00000| Untracked 
|  12|0x0000000604000000, 0x0000000604000000, 0x0000000604400000|  0%| F|  |TAMS 0x0000000604000000, 0x0000000604000000| Untracked 
|  13|0x0000000604400000, 0x0000000604400000, 0x0000000604800000|  0%| F|  |TAMS 0x0000000604400000, 0x0000000604400000| Untracked 
|  14|0x0000000604800000, 0x0000000604800000, 0x0000000604c00000|  0%| F|  |TAMS 0x0000000604800000, 0x0000000604800000| Untracked 
|  15|0x0000000604c00000, 0x0000000604c00000, 0x0000000605000000|  0%| F|  |TAMS 0x0000000604c00000, 0x0000000604c00000| Untracked 
|  16|0x0000000605000000, 0x0000000605000000, 0x0000000605400000|  0%| F|  |TAMS 0x0000000605000000, 0x0000000605000000| Untracked 
|  17|0x0000000605400000, 0x00000006054cb8a8, 0x0000000605800000| 19%| E|  |TAMS 0x0000000605400000, 0x0000000605400000| Complete 
|  18|0x0000000605800000, 0x0000000605c00000, 0x0000000605c00000|100%| E|CS|TAMS 0x0000000605800000, 0x0000000605800000| Complete 
|  19|0x0000000605c00000, 0x0000000606000000, 0x0000000606000000|100%| E|CS|TAMS 0x0000000605c00000, 0x0000000605c00000| Complete 
|  20|0x0000000606000000, 0x0000000606400000, 0x0000000606400000|100%| E|CS|TAMS 0x0000000606000000, 0x0000000606000000| Complete 
|  21|0x0000000606400000, 0x0000000606800000, 0x0000000606800000|100%| E|CS|TAMS 0x0000000606400000, 0x0000000606400000| Complete 
|  22|0x0000000606800000, 0x0000000606c00000, 0x0000000606c00000|100%| E|CS|TAMS 0x0000000606800000, 0x0000000606800000| Complete 
|  23|0x0000000606c00000, 0x0000000607000000, 0x0000000607000000|100%| E|CS|TAMS 0x0000000606c00000, 0x0000000606c00000| Complete 
|  24|0x0000000607000000, 0x0000000607400000, 0x0000000607400000|100%| E|CS|TAMS 0x0000000607000000, 0x0000000607000000| Complete 
|  25|0x0000000607400000, 0x0000000607483c60, 0x0000000607800000| 12%| S|CS|TAMS 0x0000000607400000, 0x0000000607400000| Complete 
| 110|0x000000061c800000, 0x000000061cc00000, 0x000000061cc00000|100%| E|CS|TAMS 0x000000061c800000, 0x000000061c800000| Complete 
| 111|0x000000061cc00000, 0x000000061d000000, 0x000000061d000000|100%| E|CS|TAMS 0x000000061cc00000, 0x000000061cc00000| Complete 
| 126|0x0000000620800000, 0x0000000620c00000, 0x0000000620c00000|100%| E|CS|TAMS 0x0000000620800000, 0x0000000620800000| Complete 
| 127|0x0000000620c00000, 0x0000000621000000, 0x0000000621000000|100%| E|CS|TAMS 0x0000000620c00000, 0x0000000620c00000| Complete 

Card table byte_map: [0x000001c0fb000000,0x000001c0fc000000] _byte_map_base: 0x000001c0f7ff8000

Marking Bits (Prev, Next): (CMBitMap*) 0x000001c0fd000090, (CMBitMap*) 0x000001c0fd0000d0
 Prev Bits: [0x000001c096e90000, 0x000001c09ee50000)
 Next Bits: [0x000001c09ee50000, 0x000001c0a6e10000)

Polling page: 0x000001c0f7510000

Metaspace:

Usage:
  Non-class:     35.34 MB used.
      Class:      4.96 MB used.
       Both:     40.30 MB used.

Virtual space:
  Non-class space:       64.00 MB reserved,      35.56 MB ( 56%) committed,  1 nodes.
      Class space:        1.00 GB reserved,       5.12 MB ( <1%) committed,  1 nodes.
             Both:        1.06 GB reserved,      40.69 MB (  4%) committed. 

Chunk freelists:
   Non-Class:  240.00 KB
       Class:  2.89 MB
        Both:  3.12 MB

MaxMetaspaceSize: unlimited
CompressedClassSpaceSize: 1.00 GB
Initial GC threshold: 21.00 MB
Current GC threshold: 58.88 MB
CDS: on
MetaspaceReclaimPolicy: balanced
 - commit_granule_bytes: 65536.
 - commit_granule_words: 8192.
 - virtual_space_node_default_size: 8388608.
 - enlarge_chunks_in_place: 1.
 - new_chunks_are_fully_committed: 0.
 - uncommit_free_chunks: 1.
 - use_allocation_guard: 0.


Internal statistics:

num_allocs_failed_limit: 6.
num_arena_births: 466.
num_arena_deaths: 0.
num_vsnodes_births: 2.
num_vsnodes_deaths: 0.
num_space_committed: 651.
num_space_uncommitted: 0.
num_chunks_returned_to_freelist: 6.
num_chunks_taken_from_freelist: 1791.
num_chunk_merges: 6.
num_chunk_splits: 1354.
num_chunks_enlarged: 1121.
num_inconsistent_stats: 0.

CodeHeap 'non-profiled nmethods': size=119168Kb used=2823Kb max_used=2823Kb free=116344Kb
 bounds [0x000001c08fa30000, 0x000001c08fd00000, 0x000001c096e90000]
CodeHeap 'profiled nmethods': size=119104Kb used=9885Kb max_used=9885Kb free=109218Kb
 bounds [0x000001c087e90000, 0x000001c088840000, 0x000001c08f2e0000]
CodeHeap 'non-nmethods': size=7488Kb used=3138Kb max_used=3201Kb free=4349Kb
 bounds [0x000001c08f2e0000, 0x000001c08f610000, 0x000001c08fa30000]
 total_blobs=5302 nmethods=4676 adapters=532
 compilation: enabled
              stopped_count=0, restarted_count=0
 full_count=0

Compilation events (20 events):
Event: 7.327 Thread 0x000001c0a6e4f7b0 4635       3       org.springframework.boot.context.TypeExcludeFilter::getDelegates (36 bytes)
Event: 7.327 Thread 0x000001c0fd1f3770 nmethod 4634 0x000001c08881d710 code [0x000001c08881d920, 0x000001c08881e188]
Event: 7.327 Thread 0x000001c0a703a550 nmethod 4633 0x000001c08881e390 code [0x000001c08881e560, 0x000001c08881e8d8]
Event: 7.327 Thread 0x000001c0aca164b0 nmethod 4632 0x000001c08881ea90 code [0x000001c08881ec80, 0x000001c08881f128]
Event: 7.327 Thread 0x000001c0a6e4f7b0 nmethod 4635 0x000001c08881f310 code [0x000001c08881f4e0, 0x000001c08881f958]
Event: 7.327 Thread 0x000001c0a6e4f7b0 4636       3       org.springframework.core.type.AnnotationMetadata::hasMetaAnnotation (23 bytes)
Event: 7.328 Thread 0x000001c0a6e4f7b0 nmethod 4636 0x000001c08881fa90 code [0x000001c08881fc80, 0x000001c088820168]
Event: 7.332 Thread 0x000001c0a6e4f7b0 4637       3       org.springframework.core.type.classreading.SimpleAnnotationMetadataReadingVisitor::getSource (28 bytes)
Event: 7.332 Thread 0x000001c0fd1f3770 4638       3       org.springframework.core.type.classreading.SimpleAnnotationMetadataReadingVisitor$$Lambda$418/0x000000080111d1f8::<init> (10 bytes)
Event: 7.333 Thread 0x000001c0fd1f3770 nmethod 4638 0x000001c088820310 code [0x000001c0888204c0, 0x000001c088820678]
Event: 7.333 Thread 0x000001c0a6e4f7b0 nmethod 4637 0x000001c088820710 code [0x000001c0888208c0, 0x000001c088820bf8]
Event: 7.338 Thread 0x000001c0ac28ca90 4639       4       java.util.concurrent.ConcurrentHashMap::put (8 bytes)
Event: 7.339 Thread 0x000001c0ac28ca90 nmethod 4639 0x000001c08fcda690 code [0x000001c08fcda820, 0x000001c08fcda8c8]
Event: 7.342 Thread 0x000001c0ac28ca90 4640       4       org.springframework.core.type.classreading.SimpleAnnotationMetadata::getAnnotatedMethods (67 bytes)
Event: 7.347 Thread 0x000001c0fd1f3770 4645       3       org.springframework.core.type.classreading.SimpleAnnotationMetadataReadingVisitor::visitAnnotation (28 bytes)
Event: 7.348 Thread 0x000001c0fd1f3770 nmethod 4645 0x000001c088820d10 code [0x000001c088820f60, 0x000001c088821988]
Event: 7.350 Thread 0x000001c0fd1f3770 4646       3       org.springframework.core.type.classreading.SimpleAnnotationMetadataReadingVisitor$$Lambda$418/0x000000080111d1f8::accept (14 bytes)
Event: 7.350 Thread 0x000001c0fd1f3770 nmethod 4646 0x000001c088821d90 code [0x000001c088821f40, 0x000001c088822248]
Event: 7.360 Thread 0x000001c0fd1f3770 4647       3       org.springframework.core.type.classreading.SimpleAnnotationMetadata::<init> (56 bytes)
Event: 7.360 Thread 0x000001c0fd1f3770 nmethod 4647 0x000001c088822310 code [0x000001c0888224c0, 0x000001c088822918]

GC Heap History (14 events):
Event: 0.869 GC heap before
{Heap before GC invocations=0 (full 0):
 garbage-first heap   total 524288K, used 20480K [0x0000000601000000, 0x0000000800000000)
  region size 4096K, 6 young (24576K), 0 survivors (0K)
 Metaspace       used 1514K, committed 1728K, reserved 1114112K
  class space    used 98K, committed 192K, reserved 1048576K
}
Event: 0.876 GC heap after
{Heap after GC invocations=1 (full 0):
 garbage-first heap   total 524288K, used 13319K [0x0000000601000000, 0x0000000800000000)
  region size 4096K, 1 young (4096K), 1 survivors (4096K)
 Metaspace       used 1514K, committed 1728K, reserved 1114112K
  class space    used 98K, committed 192K, reserved 1048576K
}
Event: 1.354 GC heap before
{Heap before GC invocations=1 (full 0):
 garbage-first heap   total 524288K, used 29703K [0x0000000601000000, 0x0000000800000000)
  region size 4096K, 6 young (24576K), 1 survivors (4096K)
 Metaspace       used 4623K, committed 4736K, reserved 1114112K
  class space    used 526K, committed 576K, reserved 1048576K
}
Event: 1.359 GC heap after
{Heap after GC invocations=2 (full 0):
 garbage-first heap   total 524288K, used 19062K [0x0000000601000000, 0x0000000800000000)
  region size 4096K, 1 young (4096K), 1 survivors (4096K)
 Metaspace       used 4623K, committed 4736K, reserved 1114112K
  class space    used 526K, committed 576K, reserved 1048576K
}
Event: 2.295 GC heap before
{Heap before GC invocations=2 (full 0):
 garbage-first heap   total 524288K, used 47734K [0x0000000601000000, 0x0000000800000000)
  region size 4096K, 8 young (32768K), 1 survivors (4096K)
 Metaspace       used 10299K, committed 10496K, reserved 1114112K
  class space    used 1229K, committed 1344K, reserved 1048576K
}
Event: 2.298 GC heap after
{Heap after GC invocations=3 (full 0):
 garbage-first heap   total 524288K, used 21743K [0x0000000601000000, 0x0000000800000000)
  region size 4096K, 1 young (4096K), 1 survivors (4096K)
 Metaspace       used 10299K, committed 10496K, reserved 1114112K
  class space    used 1229K, committed 1344K, reserved 1048576K
}
Event: 3.995 GC heap before
{Heap before GC invocations=3 (full 0):
 garbage-first heap   total 524288K, used 79087K [0x0000000601000000, 0x0000000800000000)
  region size 4096K, 16 young (65536K), 1 survivors (4096K)
 Metaspace       used 21218K, committed 21504K, reserved 1114112K
  class space    used 2679K, committed 2816K, reserved 1048576K
}
Event: 4.002 GC heap after
{Heap after GC invocations=4 (full 0):
 garbage-first heap   total 524288K, used 26245K [0x0000000601000000, 0x0000000800000000)
  region size 4096K, 2 young (8192K), 2 survivors (8192K)
 Metaspace       used 21218K, committed 21504K, reserved 1114112K
  class space    used 2679K, committed 2816K, reserved 1048576K
}
Event: 5.760 GC heap before
{Heap before GC invocations=5 (full 0):
 garbage-first heap   total 122880K, used 91781K [0x0000000601000000, 0x0000000800000000)
  region size 4096K, 18 young (73728K), 2 survivors (8192K)
 Metaspace       used 32608K, committed 32960K, reserved 1114112K
  class space    used 4082K, committed 4288K, reserved 1048576K
}
Event: 5.769 GC heap after
{Heap after GC invocations=6 (full 0):
 garbage-first heap   total 122880K, used 30712K [0x0000000601000000, 0x0000000800000000)
  region size 4096K, 3 young (12288K), 3 survivors (12288K)
 Metaspace       used 32608K, committed 32960K, reserved 1114112K
  class space    used 4082K, committed 4288K, reserved 1048576K
}
Event: 5.835 GC heap before
{Heap before GC invocations=6 (full 0):
 garbage-first heap   total 122880K, used 34808K [0x0000000601000000, 0x0000000800000000)
  region size 4096K, 4 young (16384K), 3 survivors (12288K)
 Metaspace       used 33461K, committed 33856K, reserved 1114112K
  class space    used 4145K, committed 4352K, reserved 1048576K
}
Event: 5.844 GC heap after
{Heap after GC invocations=7 (full 0):
 garbage-first heap   total 122880K, used 30925K [0x0000000601000000, 0x0000000800000000)
  region size 4096K, 1 young (4096K), 1 survivors (4096K)
 Metaspace       used 33461K, committed 33856K, reserved 1114112K
  class space    used 4145K, committed 4352K, reserved 1048576K
}
Event: 6.143 GC heap before
{Heap before GC invocations=7 (full 0):
 garbage-first heap   total 122880K, used 39117K [0x0000000601000000, 0x0000000800000000)
  region size 4096K, 4 young (16384K), 1 survivors (4096K)
 Metaspace       used 35630K, committed 35968K, reserved 1114112K
  class space    used 4398K, committed 4544K, reserved 1048576K
}
Event: 6.145 GC heap after
{Heap after GC invocations=8 (full 0):
 garbage-first heap   total 122880K, used 29906K [0x0000000601000000, 0x0000000800000000)
  region size 4096K, 1 young (4096K), 1 survivors (4096K)
 Metaspace       used 35630K, committed 35968K, reserved 1114112K
  class space    used 4398K, committed 4544K, reserved 1048576K
}

Dll operation events (13 events):
Event: 0.020 Loaded shared library E:\jdks\openjdk-19.0.2\bin\java.dll
Event: 0.023 Loaded shared library E:\jdks\openjdk-19.0.2\bin\zip.dll
Event: 0.037 Loaded shared library E:\jdks\openjdk-19.0.2\bin\jsvml.dll
Event: 0.563 Loaded shared library E:\jdks\openjdk-19.0.2\bin\instrument.dll
Event: 0.591 Loaded shared library E:\jdks\openjdk-19.0.2\bin\net.dll
Event: 0.593 Loaded shared library E:\jdks\openjdk-19.0.2\bin\nio.dll
Event: 0.599 Loaded shared library E:\jdks\openjdk-19.0.2\bin\zip.dll
Event: 0.677 Loaded shared library E:\jdks\openjdk-19.0.2\bin\jimage.dll
Event: 1.015 Loaded shared library E:\jdks\openjdk-19.0.2\bin\verify.dll
Event: 3.986 Loaded shared library E:\jdks\openjdk-19.0.2\bin\extnet.dll
Event: 5.254 Loaded shared library E:\jdks\openjdk-19.0.2\bin\management.dll
Event: 5.258 Loaded shared library E:\jdks\openjdk-19.0.2\bin\management_ext.dll
Event: 5.431 Loaded shared library E:\jdks\openjdk-19.0.2\bin\sunmscapi.dll

Deoptimization events (20 events):
Event: 7.241 Thread 0x000001c0f96c8130 Uncommon trap: trap_request=0xffffff45 fr.pc=0x000001c08fcc2598 relative=0x0000000000000758
Event: 7.241 Thread 0x000001c0f96c8130 Uncommon trap: reason=unstable_if action=reinterpret pc=0x000001c08fcc2598 method=org.springframework.asm.ClassReader.readUtf(II[C)Ljava/lang/String; @ 41 c2
Event: 7.241 Thread 0x000001c0f96c8130 DEOPT PACKING pc=0x000001c08fcc2598 sp=0x0000006c92afc060
Event: 7.241 Thread 0x000001c0f96c8130 DEOPT UNPACKING pc=0x000001c08f346da3 sp=0x0000006c92afbfd8 mode 2
Event: 7.241 Thread 0x000001c0f96c8130 Uncommon trap: trap_request=0xffffff45 fr.pc=0x000001c08fb90ec0 relative=0x00000000000003a0
Event: 7.241 Thread 0x000001c0f96c8130 Uncommon trap: reason=unstable_if action=reinterpret pc=0x000001c08fb90ec0 method=java.lang.String.<init>([CIILjava/lang/Void;)V @ 43 c2
Event: 7.241 Thread 0x000001c0f96c8130 DEOPT PACKING pc=0x000001c08fb90ec0 sp=0x0000006c92afbf40
Event: 7.241 Thread 0x000001c0f96c8130 DEOPT UNPACKING pc=0x000001c08f346da3 sp=0x0000006c92afbec8 mode 2
Event: 7.244 Thread 0x000001c0f96c8130 Uncommon trap: trap_request=0xffffff45 fr.pc=0x000001c08fbd9c04 relative=0x00000000000004c4
Event: 7.244 Thread 0x000001c0f96c8130 Uncommon trap: reason=unstable_if action=reinterpret pc=0x000001c08fbd9c04 method=org.springframework.asm.ClassReader.readUtf(II[C)Ljava/lang/String; @ 41 c2
Event: 7.244 Thread 0x000001c0f96c8130 DEOPT PACKING pc=0x000001c08fbd9c04 sp=0x0000006c92afbfc0
Event: 7.244 Thread 0x000001c0f96c8130 DEOPT UNPACKING pc=0x000001c08f346da3 sp=0x0000006c92afbfc8 mode 2
Event: 7.244 Thread 0x000001c0f96c8130 Uncommon trap: trap_request=0xffffff45 fr.pc=0x000001c08fb067f0 relative=0x0000000000000350
Event: 7.244 Thread 0x000001c0f96c8130 Uncommon trap: reason=unstable_if action=reinterpret pc=0x000001c08fb067f0 method=java.lang.String.<init>([CIILjava/lang/Void;)V @ 43 c2
Event: 7.244 Thread 0x000001c0f96c8130 DEOPT PACKING pc=0x000001c08fb067f0 sp=0x0000006c92afbec0
Event: 7.244 Thread 0x000001c0f96c8130 DEOPT UNPACKING pc=0x000001c08f346da3 sp=0x0000006c92afbeb8 mode 2
Event: 7.294 Thread 0x000001c0f96c8130 Uncommon trap: trap_request=0xffffff45 fr.pc=0x000001c08fcd3dd0 relative=0x0000000000000210
Event: 7.294 Thread 0x000001c0f96c8130 Uncommon trap: reason=unstable_if action=reinterpret pc=0x000001c08fcd3dd0 method=org.springframework.asm.Type.getTypeInternal(Ljava/lang/String;II)Lorg/springframework/asm/Type; @ 5 c2
Event: 7.294 Thread 0x000001c0f96c8130 DEOPT PACKING pc=0x000001c08fcd3dd0 sp=0x0000006c92afc280
Event: 7.294 Thread 0x000001c0f96c8130 DEOPT UNPACKING pc=0x000001c08f346da3 sp=0x0000006c92afc228 mode 2

Classes loaded (20 events):
Event: 7.213 Loading class jakarta/persistence/UniqueConstraint
Event: 7.213 Loading class jakarta/persistence/UniqueConstraint done
Event: 7.218 Loading class jakarta/persistence/Embeddable
Event: 7.218 Loading class jakarta/persistence/Embeddable done
Event: 7.234 Loading class jakarta/persistence/IdClass
Event: 7.234 Loading class jakarta/persistence/IdClass done
Event: 7.240 Loading class org/springframework/data/jpa/repository/Query
Event: 7.240 Loading class org/springframework/data/jpa/repository/Query done
Event: 7.241 Loading class org/springframework/data/annotation/QueryAnnotation
Event: 7.241 Loading class org/springframework/data/annotation/QueryAnnotation done
Event: 7.281 Loading class org/springframework/retry/annotation/Retryable
Event: 7.281 Loading class org/springframework/retry/annotation/Retryable done
Event: 7.282 Loading class org/springframework/core/type/classreading/MergedAnnotationReadingVisitor
Event: 7.282 Loading class org/springframework/core/type/classreading/MergedAnnotationReadingVisitor done
Event: 7.282 Loading class org/springframework/core/annotation/MergedAnnotation
Event: 7.282 Loading class org/springframework/core/annotation/MergedAnnotation done
Event: 7.282 Loading class org/springframework/core/annotation/MergedAnnotation
Event: 7.282 Loading class org/springframework/core/annotation/MergedAnnotation done
Event: 7.282 Loading class org/springframework/retry/annotation/Backoff
Event: 7.282 Loading class org/springframework/retry/annotation/Backoff done

Classes unloaded (0 events):
No events

Classes redefined (0 events):
No events

Internal exceptions (20 events):
Event: 4.484 Thread 0x000001c0ad008da0 Exception <a 'java/lang/IncompatibleClassChangeError'{0x00000006058ff858}: Found class java.lang.Object, but interface was expected> (0x00000006058ff858) 
thrown [s\open\src\hotspot\share\interpreter\linkResolver.cpp, line 841]
Event: 4.509 Thread 0x000001c0ad008da0 Exception <a 'java/lang/NoSuchMethodError'{0x0000000605b91d90}: 'java.lang.Object java.lang.invoke.DirectMethodHandle$Holder.invokeVirtual(java.lang.Object, java.lang.Object, java.lang.Object, java.lang.Object)'> (0x0000000605b91d90) 
thrown [s\open\src\hotspot\share\interpreter\linkResolver.cpp, line 774]
Event: 4.517 Thread 0x000001c0f96c8130 Exception <a 'java/lang/NoSuchMethodError'{0x00000006059fcf30}: 'java.lang.Object java.lang.invoke.DirectMethodHandle$Holder.invokeStaticInit(java.lang.Object, int, int, int, int)'> (0x00000006059fcf30) 
thrown [s\open\src\hotspot\share\interpreter\linkResolver.cpp, line 774]
Event: 4.573 Thread 0x000001c0f96c8130 Exception <a 'java/lang/NoSuchMethodError'{0x0000000605a4dc10}: 'java.lang.Object java.lang.invoke.DirectMethodHandle$Holder.invokeStaticInit(java.lang.Object, java.lang.Object, int, int, int, int)'> (0x0000000605a4dc10) 
thrown [s\open\src\hotspot\share\interpreter\linkResolver.cpp, line 774]
Event: 4.609 Thread 0x000001c0f96c8130 Exception <a 'java/io/FileNotFoundException'{0x0000000605af8258}> (0x0000000605af8258) 
thrown [s\open\src\hotspot\share\prims\jni.cpp, line 517]
Event: 4.610 Thread 0x000001c0f96c8130 Exception <a 'java/io/FileNotFoundException'{0x0000000605af9218}> (0x0000000605af9218) 
thrown [s\open\src\hotspot\share\prims\jni.cpp, line 517]
Event: 4.682 Thread 0x000001c0f96c8130 Exception <a 'java/lang/NoSuchMethodError'{0x000000060562ec40}: 'java.lang.Object java.lang.invoke.DirectMethodHandle$Holder.newInvokeSpecial(java.lang.Object, java.lang.Object, int, java.lang.Object, java.lang.Object)'> (0x000000060562ec40) 
thrown [s\open\src\hotspot\share\interpreter\linkResolver.cpp, line 774]
Event: 4.685 Thread 0x000001c0f96c8130 Exception <a 'java/lang/NoSuchMethodError'{0x00000006056420b0}: 'java.lang.Object java.lang.invoke.DirectMethodHandle$Holder.invokeSpecial(java.lang.Object, java.lang.Object, int, java.lang.Object, int, java.lang.Object)'> (0x00000006056420b0) 
thrown [s\open\src\hotspot\share\interpreter\linkResolver.cpp, line 774]
Event: 4.686 Thread 0x000001c0f96c8130 Exception <a 'java/lang/NoSuchMethodError'{0x000000060564a6a8}: 'java.lang.Object java.lang.invoke.DirectMethodHandle$Holder.newInvokeSpecial(java.lang.Object, java.lang.Object, int, java.lang.Object, int)'> (0x000000060564a6a8) 
thrown [s\open\src\hotspot\share\interpreter\linkResolver.cpp, line 774]
Event: 4.686 Thread 0x000001c0f96c8130 Exception <a 'java/lang/NoSuchMethodError'{0x000000060564ed20}: 'java.lang.Object java.lang.invoke.DirectMethodHandle$Holder.invokeSpecial(java.lang.Object, java.lang.Object, java.lang.Object, int, java.lang.Object, int)'> (0x000000060564ed20) 
thrown [s\open\src\hotspot\share\interpreter\linkResolver.cpp, line 774]
Event: 4.995 Thread 0x000001c0f96c8130 Exception <a 'java/lang/NoClassDefFoundError'{0x000000060533c880}: org/slf4j/impl/StaticLoggerBinder> (0x000000060533c880) 
thrown [s\open\src\hotspot\share\oops\constantPool.cpp, line 837]
Event: 4.995 Thread 0x000001c0f96c8130 Exception <a 'java/lang/NoClassDefFoundError'{0x000000060533f3f0}: org/slf4j/impl/StaticLoggerBinder> (0x000000060533f3f0) 
thrown [s\open\src\hotspot\share\oops\constantPool.cpp, line 837]
Event: 4.998 Thread 0x000001c0f96c8130 Exception <a 'java/lang/IncompatibleClassChangeError'{0x0000000605359ec0}: Found class java.lang.Object, but interface was expected> (0x0000000605359ec0) 
thrown [s\open\src\hotspot\share\interpreter\linkResolver.cpp, line 841]
Event: 6.082 Thread 0x000001c0f96c8130 Exception <a 'java/lang/NoSuchMethodError'{0x000000061cf1fc00}: 'void java.lang.invoke.DirectMethodHandle$Holder.invokeVirtual(java.lang.Object, java.lang.Object, long)'> (0x000000061cf1fc00) 
thrown [s\open\src\hotspot\share\interpreter\linkResolver.cpp, line 774]
Event: 6.082 Thread 0x000001c0f96c8130 Exception <a 'java/lang/NoSuchMethodError'{0x000000061cf23b40}: 'long java.lang.invoke.DirectMethodHandle$Holder.invokeStatic(java.lang.Object, java.lang.Object, int)'> (0x000000061cf23b40) 
thrown [s\open\src\hotspot\share\interpreter\linkResolver.cpp, line 774]
Event: 6.083 Thread 0x000001c0f96c8130 Exception <a 'java/lang/NoSuchMethodError'{0x000000061cf2e7b8}: 'void java.lang.invoke.DelegatingMethodHandle$Holder.reinvoke_L(java.lang.Object, java.lang.Object, long)'> (0x000000061cf2e7b8) 
thrown [s\open\src\hotspot\share\interpreter\linkResolver.cpp, line 774]
Event: 6.683 Thread 0x000001c0f96c8130 Exception <a 'java/lang/NoSuchMethodError'{0x000000060712c720}: 'void java.lang.invoke.DirectMethodHandle$Holder.invokeVirtual(java.lang.Object, java.lang.Object, int)'> (0x000000060712c720) 
thrown [s\open\src\hotspot\share\interpreter\linkResolver.cpp, line 774]
Event: 6.684 Thread 0x000001c0f96c8130 Exception <a 'java/lang/NoSuchMethodError'{0x0000000607133cf8}: 'void java.lang.invoke.DelegatingMethodHandle$Holder.reinvoke_L(java.lang.Object, java.lang.Object, int)'> (0x0000000607133cf8) 
thrown [s\open\src\hotspot\share\interpreter\linkResolver.cpp, line 774]
Event: 7.019 Thread 0x000001c0f96c8130 Exception <a 'java/lang/NoSuchMethodError'{0x0000000606820f58}: 'java.lang.Object java.lang.invoke.Invokers$Holder.linkToTargetMethod(java.lang.Object, long, java.lang.Object)'> (0x0000000606820f58) 
thrown [s\open\src\hotspot\share\interpreter\linkResolver.cpp, line 774]
Event: 7.076 Thread 0x000001c0f96c8130 Implicit null exception at 0x000001c08faed857 to 0x000001c08faed93a

VM Operations (20 events):
Event: 5.771 Executing VM operation: Cleanup
Event: 5.772 Executing VM operation: Cleanup done
Event: 5.835 Executing VM operation: G1CollectForAllocation
Event: 5.844 Executing VM operation: G1CollectForAllocation done
Event: 5.944 Executing VM operation: HandshakeAllThreads
Event: 5.944 Executing VM operation: HandshakeAllThreads done
Event: 6.143 Executing VM operation: CollectForMetadataAllocation
Event: 6.145 Executing VM operation: CollectForMetadataAllocation done
Event: 6.156 Executing VM operation: G1PauseRemark
Event: 6.159 Executing VM operation: G1PauseRemark done
Event: 6.164 Executing VM operation: G1PauseCleanup
Event: 6.164 Executing VM operation: G1PauseCleanup done
Event: 6.205 Executing VM operation: HandshakeAllThreads
Event: 6.205 Executing VM operation: HandshakeAllThreads done
Event: 6.482 Executing VM operation: HandshakeAllThreads
Event: 6.482 Executing VM operation: HandshakeAllThreads done
Event: 6.620 Executing VM operation: HandshakeAllThreads
Event: 6.620 Executing VM operation: HandshakeAllThreads done
Event: 6.962 Executing VM operation: HandshakeAllThreads
Event: 6.962 Executing VM operation: HandshakeAllThreads done

Events (20 events):
Event: 5.154 Thread 0x000001c0afa23c60 Thread exited: 0x000001c0afa23c60
Event: 5.888 Thread 0x000001c0ab4a1d90 Thread exited: 0x000001c0ab4a1d90
Event: 6.064 Thread 0x000001c0ae19ab00 Thread added: 0x000001c0ae19ab00
Event: 6.078 Thread 0x000001c0ae198b20 Thread added: 0x000001c0ae198b20
Event: 6.465 Thread 0x000001c0ae199070 Thread added: 0x000001c0ae199070
Event: 6.534 Thread 0x000001c0ae199b10 Thread added: 0x000001c0ae199b10
Event: 6.608 Thread 0x000001c0ae19b050 Thread added: 0x000001c0ae19b050
Event: 6.614 Thread 0x000001c0ae19a5b0 Thread added: 0x000001c0ae19a5b0
Event: 6.617 Thread 0x000001c0ae1995c0 Thread added: 0x000001c0ae1995c0
Event: 6.696 Thread 0x000001c0ae1985d0 Thread added: 0x000001c0ae1985d0
Event: 6.926 Thread 0x000001c0afb78420 Thread added: 0x000001c0afb78420
Event: 6.938 Thread 0x000001c0ae198080 Thread added: 0x000001c0ae198080
Event: 6.939 Thread 0x000001c0ae19a060 Thread added: 0x000001c0ae19a060
Event: 6.974 Thread 0x000001c0b0205c10 Thread added: 0x000001c0b0205c10
Event: 6.981 Thread 0x000001c0b0203c30 Thread added: 0x000001c0b0203c30
Event: 6.988 Thread 0x000001c0b0204180 Thread added: 0x000001c0b0204180
Event: 6.994 Thread 0x000001c0b02076a0 Thread added: 0x000001c0b02076a0
Event: 6.995 Thread 0x000001c0b0202c40 Thread added: 0x000001c0b0202c40
Event: 7.160 Thread 0x000001c0adabe800 Thread added: 0x000001c0adabe800
Event: 7.196 Thread 0x000001c0ac28ca90 Thread added: 0x000001c0ac28ca90


Dynamic libraries:
0x00007ff668dc0000 - 0x00007ff668dce000 	E:\jdks\openjdk-19.0.2\bin\java.exe
0x00007ff9ec2d0000 - 0x00007ff9ec4c8000 	C:\WINDOWS\SYSTEM32\ntdll.dll
0x00007ff9ea330000 - 0x00007ff9ea3ef000 	C:\WINDOWS\System32\KERNEL32.DLL
0x00007ff9e9ac0000 - 0x00007ff9e9db6000 	C:\WINDOWS\System32\KERNELBASE.dll
0x00007ff9e9f50000 - 0x00007ff9ea050000 	C:\WINDOWS\System32\ucrtbase.dll
0x00007ff9c9ac0000 - 0x00007ff9c9adb000 	E:\jdks\openjdk-19.0.2\bin\VCRUNTIME140.dll
0x00007ff9cc200000 - 0x00007ff9cc217000 	E:\jdks\openjdk-19.0.2\bin\jli.dll
0x00007ff9ea460000 - 0x00007ff9ea5fd000 	C:\WINDOWS\System32\USER32.dll
0x00007ff9e9a40000 - 0x00007ff9e9a62000 	C:\WINDOWS\System32\win32u.dll
0x00007ff9ec060000 - 0x00007ff9ec08c000 	C:\WINDOWS\System32\GDI32.dll
0x00007ff9d99b0000 - 0x00007ff9d9c4a000 	C:\WINDOWS\WinSxS\amd64_microsoft.windows.common-controls_6595b64144ccf1df_6.0.19041.1110_none_60b5254171f9507e\COMCTL32.dll
0x00007ff9ea050000 - 0x00007ff9ea165000 	C:\WINDOWS\System32\gdi32full.dll
0x00007ff9eb270000 - 0x00007ff9eb30e000 	C:\WINDOWS\System32\msvcrt.dll
0x00007ff9ea170000 - 0x00007ff9ea20d000 	C:\WINDOWS\System32\msvcp_win.dll
0x00007ff9eba80000 - 0x00007ff9ebab0000 	C:\WINDOWS\System32\IMM32.DLL
0x00007ff9cfde0000 - 0x00007ff9cfdec000 	E:\jdks\openjdk-19.0.2\bin\vcruntime140_1.dll
0x00007ff9c97a0000 - 0x00007ff9c982e000 	E:\jdks\openjdk-19.0.2\bin\msvcp140.dll
0x00007ff9a2c60000 - 0x00007ff9a3920000 	E:\jdks\openjdk-19.0.2\bin\server\jvm.dll
0x00007ff9eb960000 - 0x00007ff9eba0f000 	C:\WINDOWS\System32\ADVAPI32.dll
0x00007ff9eb560000 - 0x00007ff9eb5fc000 	C:\WINDOWS\System32\sechost.dll
0x00007ff9ec090000 - 0x00007ff9ec1b6000 	C:\WINDOWS\System32\RPCRT4.dll
0x00007ff9db7b0000 - 0x00007ff9db7d7000 	C:\WINDOWS\SYSTEM32\WINMM.dll
0x00007ff9da090000 - 0x00007ff9da099000 	C:\WINDOWS\SYSTEM32\WSOCK32.dll
0x00007ff9e13a0000 - 0x00007ff9e13aa000 	C:\WINDOWS\SYSTEM32\VERSION.dll
0x00007ff9eb4f0000 - 0x00007ff9eb55b000 	C:\WINDOWS\System32\WS2_32.dll
0x00007ff9e7890000 - 0x00007ff9e78a2000 	C:\WINDOWS\SYSTEM32\kernel.appcore.dll
0x00007ff9cf950000 - 0x00007ff9cf95a000 	E:\jdks\openjdk-19.0.2\bin\jimage.dll
0x00007ff9e2ad0000 - 0x00007ff9e2cb4000 	C:\WINDOWS\SYSTEM32\DBGHELP.DLL
0x00007ff9d91a0000 - 0x00007ff9d91d4000 	C:\WINDOWS\SYSTEM32\dbgcore.DLL
0x00007ff9e99b0000 - 0x00007ff9e9a32000 	C:\WINDOWS\System32\bcryptPrimitives.dll
0x00007ff9ca950000 - 0x00007ff9ca98c000 	E:\jdks\openjdk-19.0.2\bin\jdwp.dll
0x00007ff9d18c0000 - 0x00007ff9d18ce000 	E:\jdks\openjdk-19.0.2\bin\instrument.dll
0x00007ff9c9a90000 - 0x00007ff9c9ab6000 	E:\jdks\openjdk-19.0.2\bin\java.dll
0x00007ff9c9a70000 - 0x00007ff9c9a88000 	E:\jdks\openjdk-19.0.2\bin\zip.dll
0x00007ff9c95a0000 - 0x00007ff9c9677000 	E:\jdks\openjdk-19.0.2\bin\jsvml.dll
0x00007ff9ea790000 - 0x00007ff9eaed4000 	C:\WINDOWS\System32\SHELL32.dll
0x00007ff9e7a90000 - 0x00007ff9e8223000 	C:\WINDOWS\SYSTEM32\windows.storage.dll
0x00007ff9eb600000 - 0x00007ff9eb954000 	C:\WINDOWS\System32\combase.dll
0x00007ff9e9330000 - 0x00007ff9e935e000 	C:\WINDOWS\SYSTEM32\Wldp.dll
0x00007ff9ea6e0000 - 0x00007ff9ea78d000 	C:\WINDOWS\System32\SHCORE.dll
0x00007ff9eb210000 - 0x00007ff9eb265000 	C:\WINDOWS\System32\shlwapi.dll
0x00007ff9e98f0000 - 0x00007ff9e990f000 	C:\WINDOWS\SYSTEM32\profapi.dll
0x00007ff9d18b0000 - 0x00007ff9d18bc000 	E:\jdks\openjdk-19.0.2\bin\dt_socket.dll
0x00007ff9e8d80000 - 0x00007ff9e8dbc000 	C:\WINDOWS\SYSTEM32\IPHLPAPI.DLL
0x00007ff9e9090000 - 0x00007ff9e90fa000 	C:\WINDOWS\system32\mswsock.dll
0x00007ff9c9a50000 - 0x00007ff9c9a63000 	E:\jdks\openjdk-19.0.2\bin\net.dll
0x00007ff9e15f0000 - 0x00007ff9e16fa000 	C:\WINDOWS\SYSTEM32\WINHTTP.dll
0x00007ff9c9780000 - 0x00007ff9c9796000 	E:\jdks\openjdk-19.0.2\bin\nio.dll
0x00007ff9c9590000 - 0x00007ff9c95a0000 	E:\jdks\openjdk-19.0.2\bin\verify.dll
0x00007ff9eba70000 - 0x00007ff9eba78000 	C:\WINDOWS\System32\NSI.dll
0x00007ff9e2150000 - 0x00007ff9e2167000 	C:\WINDOWS\SYSTEM32\dhcpcsvc6.DLL
0x00007ff9e3710000 - 0x00007ff9e372d000 	C:\WINDOWS\SYSTEM32\dhcpcsvc.DLL
0x00007ff9e8dc0000 - 0x00007ff9e8e8b000 	C:\WINDOWS\SYSTEM32\DNSAPI.dll
0x00007ff9da7d0000 - 0x00007ff9da7da000 	C:\Windows\System32\rasadhlp.dll
0x00007ff9e0c00000 - 0x00007ff9e0c82000 	C:\WINDOWS\System32\fwpuclnt.dll
0x00007ff9e9dc0000 - 0x00007ff9e9de7000 	C:\WINDOWS\System32\bcrypt.dll
0x00007ff9ca8b0000 - 0x00007ff9ca8b8000 	E:\jdks\openjdk-19.0.2\bin\extnet.dll
0x00007ff9e9290000 - 0x00007ff9e92a8000 	C:\WINDOWS\SYSTEM32\CRYPTSP.dll
0x00007ff9e89b0000 - 0x00007ff9e89e4000 	C:\WINDOWS\system32\rsaenh.dll
0x00007ff9e98b0000 - 0x00007ff9e98de000 	C:\WINDOWS\SYSTEM32\USERENV.dll
0x00007ff9e9280000 - 0x00007ff9e928c000 	C:\WINDOWS\SYSTEM32\CRYPTBASE.dll
0x00007ff9d1950000 - 0x00007ff9d195a000 	E:\jdks\openjdk-19.0.2\bin\management.dll
0x00007ff9d1940000 - 0x00007ff9d194b000 	E:\jdks\openjdk-19.0.2\bin\management_ext.dll
0x00007ff9ea450000 - 0x00007ff9ea458000 	C:\WINDOWS\System32\PSAPI.DLL
0x00007ff9d18e0000 - 0x00007ff9d18ee000 	E:\jdks\openjdk-19.0.2\bin\sunmscapi.dll
0x00007ff9e9df0000 - 0x00007ff9e9f4e000 	C:\WINDOWS\System32\CRYPT32.dll
0x00007ff9e93a0000 - 0x00007ff9e93c8000 	C:\WINDOWS\SYSTEM32\ncrypt.dll
0x00007ff9e9360000 - 0x00007ff9e939b000 	C:\WINDOWS\SYSTEM32\NTASN1.dll
0x00007ff9acb50000 - 0x00007ff9acb57000 	C:\WINDOWS\system32\wshunix.dll
0x00007ff9cfbc0000 - 0x00007ff9cfbd7000 	C:\WINDOWS\system32\napinsp.dll
0x00007ff9cfba0000 - 0x00007ff9cfbbb000 	C:\WINDOWS\system32\pnrpnsp.dll
0x00007ff9cfb80000 - 0x00007ff9cfb95000 	C:\WINDOWS\system32\wshbth.dll
0x00007ff9e5400000 - 0x00007ff9e541d000 	C:\WINDOWS\system32\NLAapi.dll
0x00007ff9cfb20000 - 0x00007ff9cfb32000 	C:\WINDOWS\System32\winrnr.dll

dbghelp: loaded successfully - version: 4.0.5 - missing functions: none
symbol engine: initialized successfully - sym options: 0x614 - pdb path: .;E:\jdks\openjdk-19.0.2\bin;C:\WINDOWS\SYSTEM32;C:\WINDOWS\WinSxS\amd64_microsoft.windows.common-controls_6595b64144ccf1df_6.0.19041.1110_none_60b5254171f9507e;E:\jdks\openjdk-19.0.2\bin\server

VM Arguments:
jvm_args: -agentlib:jdwp=transport=dt_socket,address=127.0.0.1:8643,suspend=y,server=n -ea -Didea.test.cyclic.buffer.size=1048576 -javaagent:C:\Users\Joey\AppData\Local\JetBrains\IntelliJIdea2022.3\captureAgent\debugger-agent.jar=file:/C:/Users/Joey/AppData/Local/Temp/capture.props -Dfile.encoding=UTF-8 -Dsun.stdout.encoding=UTF-8 -Dsun.stderr.encoding=UTF-8 
java_command: com.intellij.rt.junit.JUnitStarter -ideVersion5 -junit5 com.yy.stock.test.StockSchedulerTest,testBuddy
java_class_path (initial): C:\Users\Joey\.m2\repository\org\junit\platform\junit-platform-launcher\1.9.2\junit-platform-launcher-1.9.2.jar;C:\Users\Joey\.m2\repository\org\junit\platform\junit-platform-engine\1.9.2\junit-platform-engine-1.9.2.jar;C:\Users\Joey\.m2\repository\org\opentest4j\opentest4j\1.2.0\opentest4j-1.2.0.jar;C:\Users\Joey\.m2\repository\org\junit\platform\junit-platform-commons\1.9.2\junit-platform-commons-1.9.2.jar;C:\Users\Joey\.m2\repository\org\apiguardian\apiguardian-api\1.1.2\apiguardian-api-1.1.2.jar;C:\Users\Joey\.m2\repository\org\junit\vintage\junit-vintage-engine\5.9.2\junit-vintage-engine-5.9.2.jar;D:\Idea\IntelliJ IDEA 2022.3.2\lib\idea_rt.jar;D:\Idea\IntelliJ IDEA 2022.3.2\plugins\junit\lib\junit5-rt.jar;D:\Idea\IntelliJ IDEA 2022.3.2\plugins\junit\lib\junit-rt.jar;D:\Fadacai888888\stock\target\test-classes;D:\Fadacai888888\stock\target\classes;E:\MavenRepo\org\springframework\boot\spring-boot-starter-data-redis\3.0.2\spring-boot-starter-data-redis-3.0.2.jar;E:\MavenRepo\org\springframework\boot\spring-boot-starter\3.0.2\spring-boot-starter-3.0.2.jar;E:\MavenRepo\org\springframework\boot\spring-boot\3.0.2\spring-boot-3.0.2.jar;E:\MavenRepo\org\springframework\boot\spring-boot-starter-logging\3.0.2\spring-boot-starter-logging-3.0.2.jar;E:\MavenRepo\ch\qos\logback\logback-classic\1.4.5\logback-classic-1.4.5.jar;E:\MavenRepo\ch\qos\logback\logback-core\1.4.5\logback-core-1.4.5.jar;E:\MavenRepo\org\apache\logging\log4j\log4j-to-slf4j\2.19.0\log4j-to-slf4j-2.19.0.jar;E:\MavenRepo\org\apache\logging\log4j\log4j-api\2.19.0\log4j-api-2.19.0.jar;E:\MavenRepo\org\slf4j\jul-to-slf4j\2.0.6\jul-to-slf4j-2.0.6.jar;E:\MavenRepo\org\yaml\snakeyaml\1.33\snakeyaml-1.33.jar;E:\MavenRepo\org\springframework\data\spring-data-redis\3.0.1\spring-data-redis-3.0.1.jar;E:\MavenRepo\org\springframework\data\spring-data-keyvalue\3.0.1\spring-data-keyvalue-3.0.1.jar;E:\MavenRepo\org\springframework\spring-tx\6.0.4\spring-tx-6.0.4.jar;E:\MavenRepo\org\springframework\spring-oxm\6.0.4\spring-oxm-6.0.4.jar;E:\MavenRepo\org\springframework\spring-aop\6.0.4\spring-aop-6.0.4.jar;E:\MavenRepo\io\lettuce\lettuce-core\6.2.2.RELEASE\lettuce-core-6.2.2.RELEASE.jar;E:\MavenRepo\io\netty\netty-common\4.1.87.Final\netty-common-4.1.87.Final.jar;E:\MavenRepo\io\netty\netty-handler\4.1.87.Final\netty-handler-4.1.87.Final.jar;E:\MavenRepo\io\netty\netty-transport\4.1.87.Final\netty-transport-4.1.87.Final.jar;E:\MavenRepo\io\projectreactor\reactor-core\3.5.2\reactor-core-3.5.2.jar;E:\MavenRepo\org\seleniumhq\selenium\selenium-http-jdk-client\4.8.1\selenium-http-jdk-client-4.8.1.jar;E:\MavenRepo\com\google\auto\service\auto-service-annotations\1.0.1\auto-service-annotations-1.0.1.jar;E:\MavenRepo\com\google\auto\service\auto-service\1.0.1\auto-service-1.0.1.jar;E:\MavenRepo\com\google\auto\auto-common\1.2\auto-common-1.2.jar;E:\MavenRepo\com\google\guava\guava\31.0.1-jre\guava-31.0.1-jre.jar;E:\MavenRepo\com\google\guava\failureaccess\1.0.1\failureaccess-1.0.1.jar;E:\MavenRepo\com\google\guava\listenablefuture\9999.0-empty-to-avoid-conflict-with-guava\listenablefuture-9999.0-empty-to-avoid-conflict-with-guava.jar;E:\MavenRepo\com\google\code\findbugs\jsr305\3.0.2\jsr305-3.0.2.jar;E:\MavenRepo\org\checkerframework\checker-qual\3.12.0\checker-qual-3.12.0.jar;E:\MavenRepo\com\google\errorprone\error_prone_annotations\2.7.1\error_prone_annotations-2.7.1.jar;E:\MavenRepo\com\google\j2objc\j2objc-annotations\1.3\j2objc-annotations-1.3.jar;E:\MavenRepo\org\seleniumhq\selenium\selenium-api\4.5.3\selenium-api-4.5.3.jar;E:\MavenRepo\org\seleniumhq\selenium\selenium-http\4.5.3\selenium-http-4.5.3.jar;E:\MavenRepo\dev\failsafe\failsafe\3.3.0\failsafe-3.3.0.jar;E:\MavenRepo\org\seleniumhq\selenium\selenium-json\4.5.3\selenium-json-4.5.3.jar;E:\MavenRepo\dom4j\dom4j\1.6.1\dom4j-1.6.1.jar;E:\MavenRepo\xml-apis\xml-apis\1.0.b2\xml-apis-1.0.b2.jar;E:\MavenRepo\io\github\openfeign\feign-okhttp\12.1\feign-okhttp-12.1.jar;E:\MavenRepo\io\github\openfeign\feign-core\12.1\feign-core-12.1.jar;E:\MavenRepo\com\squareup\okhttp3\okhttp\4.10.0\okhttp-4.10.0.jar;E:\MavenRepo\com\squareup\okio\okio-jvm\3.0.0\okio-jvm-3.0.0.jar;E:\MavenRepo\org\jetbrains\kotlin\kotlin-stdlib-jdk8\1.7.22\kotlin-stdlib-jdk8-1.7.22.jar;E:\MavenRepo\org\jetbrains\kotlin\kotlin-stdlib-jdk7\1.7.22\kotlin-stdlib-jdk7-1.7.22.jar;E:\MavenRepo\org\jetbrains\kotlin\kotlin-stdlib-common\1.7.22\kotlin-stdlib-common-1.7.22.jar;E:\MavenRepo\org\jetbrains\kotlin\kotlin-stdlib\1.7.22\kotlin-stdlib-1.7.22.jar;E:\MavenRepo\com\baomidou\mybatis-plus-extension\3.5.3.1\mybatis-plus-extension-3.5.3.1.jar;E:\MavenRepo\org\mybatis\mybatis-spring\2.0.7\mybatis-spring-2.0.7.jar;E:\MavenRepo\com\baomidou\mybatis-plus-core\3.5.3.1\mybatis-plus-core-3.5.3.1.jar;E:\MavenRepo\com\baomidou\mybatis-plus-annotation\3.5.3.1\mybatis-plus-annotation-3.5.3.1.jar;E:\MavenRepo\com\github\jsqlparser\jsqlparser\4.4\jsqlparser-4.4.jar;E:\MavenRepo\org\mybatis\mybatis\3.5.10\mybatis-3.5.10.jar;E:\MavenRepo\com\alibaba\cloud\spring-cloud-starter-alibaba-nacos-config\2022.0.0.0-RC1\spring-cloud-starter-alibaba-nacos-config-2022.0.0.0-RC1.jar;E:\MavenRepo\com\alibaba\cloud\spring-cloud-alibaba-commons\2022.0.0.0-RC1\spring-cloud-alibaba-commons-2022.0.0.0-RC1.jar;E:\MavenRepo\com\alibaba\spring\spring-context-support\1.0.11\spring-context-support-1.0.11.jar;E:\MavenRepo\com\alibaba\nacos\nacos-client\2.2.1-RC\nacos-client-2.2.1-RC.jar;E:\MavenRepo\com\alibaba\nacos\nacos-auth-plugin\2.2.1-RC\nacos-auth-plugin-2.2.1-RC.jar;E:\MavenRepo\com\alibaba\nacos\nacos-encryption-plugin\2.2.1-RC\nacos-encryption-plugin-2.2.1-RC.jar;E:\MavenRepo\commons-codec\commons-codec\1.15\commons-codec-1.15.jar;E:\MavenRepo\com\fasterxml\jackson\core\jackson-core\2.14.1\jackson-core-2.14.1.jar;E:\MavenRepo\com\fasterxml\jackson\core\jackson-databind\2.14.1\jackson-databind-2.14.1.jar;E:\MavenRepo\org\apache\httpcomponents\httpasyncclient\4.1.5\httpasyncclient-4.1.5.jar;E:\MavenRepo\org\apache\httpcomponents\httpcore\4.4.16\httpcore-4.4.16.jar;E:\MavenRepo\org\apache\httpcomponents\httpcore-nio\4.4.16\httpcore-nio-4.4.16.jar;E:\MavenRepo\org\apache\httpcomponents\httpclient\4.5.14\httpclient-4.5.14.jar;E:\MavenRepo\io\prometheus\simpleclient\0.16.0\simpleclient-0.16.0.jar;E:\MavenRepo\io\prometheus\simpleclient_tracer_otel\0.16.0\simpleclient_tracer_otel-0.16.0.jar;E:\MavenRepo\io\prometheus\simpleclient_tracer_common\0.16.0\simpleclient_tracer_common-0.16.0.jar;E:\MavenRepo\io\prometheus\simpleclient_tracer_otel_agent\0.16.0\simpleclient_tracer_otel_agent-0.16.0.jar;E:\MavenRepo\org\springframework\cloud\spring-cloud-commons\4.0.1\spring-cloud-commons-4.0.1.jar;E:\MavenRepo\org\springframework\security\spring-security-crypto\6.0.1\spring-security-crypto-6.0.1.jar;E:\MavenRepo\org\springframework\cloud\spring-cloud-context\4.0.1\spring-cloud-context-4.0.1.jar;E:\MavenRepo\org\slf4j\slf4j-api\2.0.6\slf4j-api-2.0.6.jar;E:\MavenRepo\jakarta\annotation\jakarta.annotation-api\2.1.1\jakarta.annotation-api-2.1.1.jar;E:\MavenRepo\org\springframework\cloud\spring-cloud-starter-bootstrap\4.0.1\spring-cloud-starter-bootstrap-4.0.1.jar;E:\MavenRepo\org\springframework\cloud\spring-cloud-starter\4.0.1\spring-cloud-starter-4.0.1.jar;E:\MavenRepo\org\springframework\security\spring-security-rsa\1.0.11.RELEASE\spring-security-rsa-1.0.11.RELEASE.jar;E:\MavenRepo\org\bouncycastle\bcpkix-jdk15on\1.69\bcpkix-jdk15on-1.69.jar;E:\MavenRepo\org\bouncycastle\bcprov-jdk15on\1.69\bcprov-jdk15on-1.69.jar;E:\MavenRepo\org\bouncycastle\bcutil-jdk15on\1.69\bcutil-jdk15on-1.69.jar;E:\MavenRepo\com\alibaba\cloud\spring-cloud-starter-alibaba-nacos-discovery\2022.0.0.0-RC1\spring-cloud-starter-alibaba-nacos-discovery-2022.0.0.0-RC1.jar;E:\MavenRepo\org\springframework\cloud\spring-cloud-starter-openfeign\4.0.1\spring-cloud-starter-openfeign-4.0.1.jar;E:\MavenRepo\org\springframework\cloud\spring-cloud-openfeign-core\4.0.1\spring-cloud-openfeign-core-4.0.1.jar;E:\MavenRepo\io\github\openfeign\form\feign-form-spring\3.8.0\feign-form-spring-3.8.0.jar;E:\MavenRepo\io\github\openfeign\form\feign-form\3.8.0\feign-form-3.8.0.jar;E:\MavenRepo\commons-fileupload\commons-fileupload\1.4\commons-fileupload-1.4.jar;E:\MavenRepo\org\springframework\spring-web\6.0.4\spring-web-6.0.4.jar;E:\MavenRepo\org\springframework\spring-beans\6.0.4\spring-beans-6.0.4.jar;E:\MavenRepo\io\github\openfeign\feign-slf4j\12.1\feign-slf4j-12.1.jar;E:\MavenRepo\org\springframework\cloud\spring-cloud-starter-loadbalancer\4.0.1\spring-cloud-starter-loadbalancer-4.0.1.jar;E:\MavenRepo\org\springframework\cloud\spring-cloud-loadbalancer\4.0.1\spring-cloud-loadbalancer-4.0.1.jar;E:\MavenRepo\io\projectreactor\addons\reactor-extra\3.5.0\reactor-extra-3.5.0.jar;E:\MavenRepo\com\stoyanr\evictor\1.0.0\evictor-1.0.0.jar;E:\MavenRepo\com\alibaba\fastjson\2.0.24\fastjson-2.0.24.jar;E:\MavenRepo\com\alibaba\fastjson2\fastjson2-extension\2.0.24\fastjson2-extension-2.0.24.jar;E:\MavenRepo\com\alibaba\fastjson2\fastjson2\2.0.24\fastjson2-2.0.24.jar;E:\MavenRepo\commons-net\commons-net\3.9.0\commons-net-3.9.0.jar;E:\MavenRepo\com\xuxueli\xxl-job-core\2.3.1\xxl-job-core-2.3.1.jar;E:\MavenRepo\io\netty\netty-all\4.1.87.Final\netty-all-4.1.87.Final.jar;E:\MavenRepo\io\netty\netty-buffer\4.1.87.Final\netty-buffer-4.1.87.Final.jar;E:\MavenRepo\io\netty\netty-codec\4.1.87.Final\netty-codec-4.1.87.Final.jar;E:\MavenRepo\io\netty\netty-codec-dns\4.1.87.Final\netty-codec-dns-4.1.87.Final.jar;E:\MavenRepo\io\netty\netty-codec-haproxy\4.1.87.Final\netty-codec-haproxy-4.1.87.Final.jar;E:\MavenRepo\io\netty\netty-codec-http\4.1.87.Final\netty-codec-http-4.1.87.Final.jar;E:\MavenRepo\io\netty\netty-codec-http2\4.1.87.Final\netty-codec-http2-4.1.87.Final.jar;E:\MavenRepo\io\netty\netty-codec-memcache\4.1.87.Final\netty-codec-memcache-4.1.87.Final.jar;E:\MavenRepo\io\netty\netty-codec-mqtt\4.1.87.Final\netty-codec-mqtt-4.1.87.Final.jar;E:\MavenRepo\io\netty\netty-codec-redis\4.1.87.Final\netty-codec-redis-4.1.87.Final.jar;E:\MavenRepo\io\netty\netty-codec-smtp\4.1.87.Final\netty-codec-smtp-4.1.87.Final.jar;E:\MavenRepo\io\netty\netty-codec-socks\4.1.87.Final\netty-codec-socks-4.1.87.Final.jar;E:\MavenRepo\io\netty\netty-codec-stomp\4.1.87.Final\netty-codec-stomp-4.1.87.Final.jar;E:\MavenRepo\io\netty\netty-codec-xml\4.1.87.Final\netty-codec-xml-4.1.87.Final.jar;E:\MavenRepo\io\netty\netty-transport-native-unix-common\4.1.87.Final\netty-transport-native-unix-common-4.1.87.Final.jar;E:\MavenRepo\io\netty\netty-handler-proxy\4.1.87.Final\netty-handler-proxy-4.1.87.Final.jar;E:\MavenRepo\io\netty\netty-handler-ssl-ocsp\4.1.87.Final\netty-handler-ssl-ocsp-4.1.87.Final.jar;E:\MavenRepo\io\netty\netty-resolver\4.1.87.Final\netty-resolver-4.1.87.Final.jar;E:\MavenRepo\io\netty\netty-resolver-dns\4.1.87.Final\netty-resolver-dns-4.1.87.Final.jar;E:\MavenRepo\io\netty\netty-transport-rxtx\4.1.87.Final\netty-transport-rxtx-4.1.87.Final.jar;E:\MavenRepo\io\netty\netty-transport-sctp\4.1.87.Final\netty-transport-sctp-4.1.87.Final.jar;E:\MavenRepo\io\netty\netty-transport-udt\4.1.87.Final\netty-transport-udt-4.1.87.Final.jar;E:\MavenRepo\io\netty\netty-transport-classes-epoll\4.1.87.Final\netty-transport-classes-epoll-4.1.87.Final.jar;E:\MavenRepo\io\netty\netty-transport-classes-kqueue\4.1.87.Final\netty-transport-classes-kqueue-4.1.87.Final.jar;E:\MavenRepo\io\netty\netty-resolver-dns-classes-macos\4.1.87.Final\netty-resolver-dns-classes-macos-4.1.87.Final.jar;E:\MavenRepo\io\netty\netty-transport-native-epoll\4.1.87.Final\netty-transport-native-epoll-4.1.87.Final-linux-x86_64.jar;E:\MavenRepo\io\netty\netty-transport-native-epoll\4.1.87.Final\netty-transport-native-epoll-4.1.87.Final-linux-aarch_64.jar;E:\MavenRepo\io\netty\netty-transport-native-kqueue\4.1.87.Final\netty-transport-native-kqueue-4.1.87.Final-osx-x86_64.jar;E:\MavenRepo\io\netty\netty-transport-native-kqueue\4.1.87.Final\netty-transport-native-kqueue-4.1.87.Final-osx-aarch_64.jar;E:\MavenRepo\io\netty\netty-resolver-dns-native-macos\4.1.87.Final\netty-resolver-dns-native-macos-4.1.87.Final-osx-x86_64.jar;E:\MavenRepo\io\netty\netty-resolver-dns-native-macos\4.1.87.Final\netty-resolver-dns-native-macos-4.1.87.Final-osx-aarch_64.jar;E:\MavenRepo\com\google\code\gson\gson\2.9.1\gson-2.9.1.jar;E:\MavenRepo\org\codehaus\groovy\groovy\3.0.10\groovy-3.0.10.jar;E:\MavenRepo\org\redisson\redisson-spring-boot-starter\3.19.3\redisson-spring-boot-starter-3.19.3.jar;E:\MavenRepo\org\redisson\redisson\3.19.3\redisson-3.19.3.jar;E:\MavenRepo\javax\cache\cache-api\1.1.1\cache-api-1.1.1.jar;E:\MavenRepo\org\reactivestreams\reactive-streams\1.0.4\reactive-streams-1.0.4.jar;E:\MavenRepo\io\reactivex\rxjava3\rxjava\3.1.6\rxjava-3.1.6.jar;E:\MavenRepo\org\jboss\marshalling\jboss-marshalling\2.0.11.Final\jboss-marshalling-2.0.11.Final.jar;E:\MavenRepo\org\jboss\marshalling\jboss-marshalling-river\2.0.11.Final\jboss-marshalling-river-2.0.11.Final.jar;E:\MavenRepo\com\esotericsoftware\kryo\5.4.0\kryo-5.4.0.jar;E:\MavenRepo\com\esotericsoftware\reflectasm\1.11.9\reflectasm-1.11.9.jar;E:\MavenRepo\com\esotericsoftware\minlog\1.3.1\minlog-1.3.1.jar;E:\MavenRepo\com\fasterxml\jackson\core\jackson-annotations\2.14.1\jackson-annotations-2.14.1.jar;E:\MavenRepo\com\fasterxml\jackson\dataformat\jackson-dataformat-yaml\2.14.1\jackson-dataformat-yaml-2.14.1.jar;E:\MavenRepo\net\bytebuddy\byte-buddy\1.12.22\byte-buddy-1.12.22.jar;E:\MavenRepo\org\jodd\jodd-bean\5.1.6\jodd-bean-5.1.6.jar;E:\MavenRepo\org\jodd\jodd-core\5.1.6\jodd-core-5.1.6.jar;E:\MavenRepo\org\redisson\redisson-spring-data-30\3.19.3\redisson-spring-data-30-3.19.3.jar;E:\MavenRepo\org\jsoup\jsoup\1.15.3\jsoup-1.15.3.jar;E:\MavenRepo\io\github\bonigarcia\webdrivermanager\5.3.2\webdrivermanager-5.3.2.jar;E:\MavenRepo\com\github\docker-java\docker-java\3.2.14\docker-java-3.2.14.jar;E:\MavenRepo\com\github\docker-java\docker-java-core\3.2.14\docker-java-core-3.2.14.jar;E:\MavenRepo\commons-io\commons-io\2.6\commons-io-2.6.jar;E:\MavenRepo\org\slf4j\jcl-over-slf4j\2.0.6\jcl-over-slf4j-2.0.6.jar;E:\MavenRepo\com\github\docker-java\docker-java-transport-httpclient5\3.2.14\docker-java-transport-httpclient5-3.2.14.jar;E:\MavenRepo\com\github\docker-java\docker-java-transport\3.2.14\docker-java-transport-3.2.14.jar;E:\MavenRepo\net\java\dev\jna\jna\5.12.1\jna-5.12.1.jar;E:\MavenRepo\org\brotli\dec\0.1.2\dec-0.1.2.jar;E:\MavenRepo\org\apache\commons\commons-lang3\3.12.0\commons-lang3-3.12.0.jar;E:\MavenRepo\org\apache\httpcomponents\client5\httpclient5\5.1.4\httpclient5-5.1.4.jar;E:\MavenRepo\org\apache\httpcomponents\core5\httpcore5\5.1.5\httpcore5-5.1.5.jar;E:\MavenRepo\org\apache\httpcomponents\core5\httpcore5-h2\5.1.5\httpcore5-h2-5.1.5.jar;E:\MavenRepo\org\seleniumhq\selenium\selenium-java\4.8.3\selenium-java-4.8.3.jar;E:\MavenRepo\org\seleniumhq\selenium\selenium-chrome-driver\4.5.3\selenium-chrome-driver-4.5.3.jar;E:\MavenRepo\org\seleniumhq\selenium\selenium-chromium-driver\4.5.3\selenium-chromium-driver-4.5.3.jar;E:\MavenRepo\org\seleniumhq\selenium\selenium-devtools-v109\4.8.3\selenium-devtools-v109-4.8.3.jar;E:\MavenRepo\org\seleniumhq\selenium\selenium-devtools-v110\4.8.3\selenium-devtools-v110-4.8.3.jar;E:\MavenRepo\org\seleniumhq\selenium\selenium-devtools-v111\4.8.3\selenium-devtools-v111-4.8.3.jar;E:\MavenRepo\org\seleniumhq\selenium\selenium-devtools-v85\4.5.3\selenium-devtools-v85-4.5.3.jar;E:\MavenRepo\org\seleniumhq\selenium\selenium-edge-driver\4.5.3\selenium-edge-driver-4.5.3.jar;E:\MavenRepo\org\seleniumhq\selenium\selenium-firefox-driver\4.5.3\selenium-firefox-driver-4.5.3.jar;E:\MavenRepo\org\seleniumhq\selenium\selenium-ie-driver\4.5.3\selenium-ie-driver-4.5.3.jar;E:\MavenRepo\org\seleniumhq\selenium\selenium-remote-driver\4.5.3\selenium-remote-driver-4.5.3.jar;E:\MavenRepo\com\beust\jcommander\1.82\jcommander-1.82.jar;E:\MavenRepo\io\netty\netty-transport-native-epoll\4.1.87.Final\netty-transport-native-epoll-4.1.87.Final.jar;E:\MavenRepo\io\netty\netty-transport-native-kqueue\4.1.87.Final\netty-transport-native-kqueue-4.1.87.Final.jar;E:\MavenRepo\io\opentelemetry\opentelemetry-api\1.19.0\opentelemetry-api-1.19.0.jar;E:\MavenRepo\io\opentelemetry\opentelemetry-context\1.19.0\opentelemetry-context-1.19.0.jar;E:\MavenRepo\io\opentelemetry\opentelemetry-exporter-logging\1.19.0\opentelemetry-exporter-logging-1.19.0.jar;E:\MavenRepo\io\opentelemetry\opentelemetry-sdk-metrics\1.19.0\opentelemetry-sdk-metrics-1.19.0.jar;E:\MavenRepo\io\opentelemetry\opentelemetry-sdk-logs\1.19.0-alpha\opentelemetry-sdk-logs-1.19.0-alpha.jar;E:\MavenRepo\io\opentelemetry\opentelemetry-api-logs\1.19.0-alpha\opentelemetry-api-logs-1.19.0-alpha.jar;E:\MavenRepo\io\opentelemetry\opentelemetry-sdk-common\1.19.0\opentelemetry-sdk-common-1.19.0.jar;E:\MavenRepo\io\opentelemetry\opentelemetry-sdk-extension-autoconfigure-spi\1.19.0\opentelemetry-sdk-extension-autoconfigure-spi-1.19.0.jar;E:\MavenRepo\io\opentelemetry\opentelemetry-sdk-extension-autoconfigure\1.19.0-alpha\opentelemetry-sdk-extension-autoconfigure-1.19.0-alpha.jar;E:\MavenRepo\io\opentelemetry\opentelemetry-exporter-common\1.19.0\opentelemetry-exporter-common-1.19.0.jar;E:\MavenRepo\io\opentelemetry\opentelemetry-sdk-trace\1.19.0\opentelemetry-sdk-trace-1.19.0.jar;E:\MavenRepo\io\opentelemetry\opentelemetry-sdk\1.19.0\opentelemetry-sdk-1.19.0.jar;E:\MavenRepo\io\opentelemetry\opentelemetry-semconv\1.19.0-alpha\opentelemetry-semconv-1.19.0-alpha.jar;E:\MavenRepo\io\ous\jtoml\2.0.0\jtoml-2.0.0.jar;E:\MavenRepo\org\apache\commons\commons-exec\1.3\commons-exec-1.3.jar;E:\MavenRepo\org\asynchttpclient\async-http-client\2.12.3\async-http-client-2.12.3.jar;E:\MavenRepo\org\asynchttpclient\async-http-client-netty-utils\2.12.3\async-http-client-netty-utils-2.12.3.jar;E:\MavenRepo\com\typesafe\netty\netty-reactive-streams\2.0.4\netty-reactive-streams-2.0.4.jar;E:\MavenRepo\com\sun\activation\jakarta.activation\1.2.2\jakarta.activation-1.2.2.jar;E:\MavenRepo\org\seleniumhq\selenium\selenium-safari-driver\4.5.3\selenium-safari-driver-4.5.3.jar;E:\MavenRepo\org\seleniumhq\selenium\selenium-support\4.5.3\selenium-support-4.5.3.jar;E:\MavenRepo\org\springframework\boot\spring-boot-starter-actuator\3.0.2\spring-boot-starter-actuator-3.0.2.jar;E:\MavenRepo\org\springframework\boot\spring-boot-actuator-autoconfigure\3.0.2\spring-boot-actuator-autoconfigure-3.0.2.jar;E:\MavenRepo\org\springframework\boot\spring-boot-actuator\3.0.2\spring-boot-actuator-3.0.2.jar;E:\MavenRepo\com\fasterxml\jackson\datatype\jackson-datatype-jsr310\2.14.1\jackson-datatype-jsr310-2.14.1.jar;E:\MavenRepo\io\micrometer\micrometer-observation\1.10.3\micrometer-observation-1.10.3.jar;E:\MavenRepo\io\micrometer\micrometer-commons\1.10.3\micrometer-commons-1.10.3.jar;E:\MavenRepo\io\micrometer\micrometer-core\1.10.3\micrometer-core-1.10.3.jar;E:\MavenRepo\org\hdrhistogram\HdrHistogram\2.1.12\HdrHistogram-2.1.12.jar;E:\MavenRepo\org\latencyutils\LatencyUtils\2.0.3\LatencyUtils-2.0.3.jar;E:\MavenRepo\org\springframework\boot\spring-boot-starter-cache\3.0.2\spring-boot-starter-cache-3.0.2.jar;E:\MavenRepo\org\springframework\spring-context-support\6.0.4\spring-context-support-6.0.4.jar;E:\MavenRepo\org\springframework\spring-context\6.0.4\spring-context-6.0.4.jar;E:\MavenRepo\org\springframework\boot\spring-boot-starter-data-jpa\3.0.2\spring-boot-starter-data-jpa-3.0.2.jar;E:\MavenRepo\org\springframework\boot\spring-boot-starter-aop\3.0.2\spring-boot-starter-aop-3.0.2.jar;E:\MavenRepo\org\springframework\boot\spring-boot-starter-jdbc\3.0.2\spring-boot-starter-jdbc-3.0.2.jar;E:\MavenRepo\com\zaxxer\HikariCP\5.0.1\HikariCP-5.0.1.jar;E:\MavenRepo\org\springframework\spring-jdbc\6.0.4\spring-jdbc-6.0.4.jar;E:\MavenRepo\org\hibernate\orm\hibernate-core\6.1.6.Final\hibernate-core-6.1.6.Final.jar;E:\MavenRepo\jakarta\persistence\jakarta.persistence-api\3.1.0\jakarta.persistence-api-3.1.0.jar;E:\MavenRepo\jakarta\transaction\jakarta.transaction-api\2.0.1\jakarta.transaction-api-2.0.1.jar;E:\MavenRepo\org\jboss\logging\jboss-logging\3.5.0.Final\jboss-logging-3.5.0.Final.jar;E:\MavenRepo\org\hibernate\common\hibernate-commons-annotations\6.0.2.Final\hibernate-commons-annotations-6.0.2.Final.jar;E:\MavenRepo\org\jboss\jandex\2.4.2.Final\jandex-2.4.2.Final.jar;E:\MavenRepo\com\fasterxml\classmate\1.5.1\classmate-1.5.1.jar;E:\MavenRepo\org\glassfish\jaxb\jaxb-runtime\4.0.1\jaxb-runtime-4.0.1.jar;E:\MavenRepo\org\glassfish\jaxb\jaxb-core\4.0.1\jaxb-core-4.0.1.jar;E:\MavenRepo\org\eclipse\angus\angus-activation\1.0.0\angus-activation-1.0.0.jar;E:\MavenRepo\org\glassfish\jaxb\txw2\4.0.1\txw2-4.0.1.jar;E:\MavenRepo\com\sun\istack\istack-commons-runtime\4.1.1\istack-commons-runtime-4.1.1.jar;E:\MavenRepo\jakarta\inject\jakarta.inject-api\2.0.0\jakarta.inject-api-2.0.0.jar;E:\MavenRepo\org\antlr\antlr4-runtime\4.10.1\antlr4-runtime-4.10.1.jar;E:\MavenRepo\org\springframework\data\spring-data-jpa\3.0.1\spring-data-jpa-3.0.1.jar;E:\MavenRepo\org\springframework\data\spring-data-commons\3.0.1\spring-data-commons-3.0.1.jar;E:\MavenRepo\org\springframework\spring-orm\6.0.4\spring-orm-6.0.4.jar;E:\MavenRepo\org\springframework\boot\spring-boot-starter-data-rest\3.0.2\spring-boot-starter-data-rest-3.0.2.jar;E:\MavenRepo\org\springframework\data\spring-data-rest-webmvc\4.0.1\spring-data-rest-webmvc-4.0.1.jar;E:\MavenRepo\org\springframework\data\spring-data-rest-core\4.0.1\spring-data-rest-core-4.0.1.jar;E:\MavenRepo\org\atteo\evo-inflector\1.3\evo-inflector-1.3.jar;E:\MavenRepo\org\springframework\boot\spring-boot-starter-hateoas\3.0.2\spring-boot-starter-hateoas-3.0.2.jar;E:\MavenRepo\org\springframework\hateoas\spring-hateoas\2.0.1\spring-hateoas-2.0.1.jar;E:\MavenRepo\org\springframework\plugin\spring-plugin-core\3.0.0\spring-plugin-core-3.0.0.jar;E:\MavenRepo\javax\mail\mail\1.4\mail-1.4.jar;E:\MavenRepo\javax\activation\activation\1.1\activation-1.1.jar;E:\MavenRepo\cn\hutool\hutool-all\5.8.11\hutool-all-5.8.11.jar;E:\MavenRepo\jakarta\activation\jakarta.activation-api\2.1.1\jakarta.activation-api-2.1.1.jar;E:\MavenRepo\com\mysql\mysql-connector-j\8.0.32\mysql-connector-j-8.0.32.jar;E:\MavenRepo\org\springframework\boot\spring-boot-starter-web\3.0.2\spring-boot-starter-web-3.0.2.jar;E:\MavenRepo\org\springframework\boot\spring-boot-starter-json\3.0.2\spring-boot-starter-json-3.0.2.jar;E:\MavenRepo\com\fasterxml\jackson\datatype\jackson-datatype-jdk8\2.14.1\jackson-datatype-jdk8-2.14.1.jar;E:\MavenRepo\com\fasterxml\jackson\module\jackson-module-parameter-names\2.14.1\jackson-module-parameter-names-2.14.1.jar;E:\MavenRepo\org\springframework\boot\spring-boot-starter-tomcat\3.0.2\spring-boot-starter-tomcat-3.0.2.jar;E:\MavenRepo\org\apache\tomcat\embed\tomcat-embed-core\10.1.5\tomcat-embed-core-10.1.5.jar;E:\MavenRepo\org\apache\tomcat\embed\tomcat-embed-websocket\10.1.5\tomcat-embed-websocket-10.1.5.jar;E:\MavenRepo\org\springframework\spring-webmvc\6.0.4\spring-webmvc-6.0.4.jar;E:\MavenRepo\org\springframework\spring-expression\6.0.4\spring-expression-6.0.4.jar;E:\MavenRepo\de\codecentric\spring-boot-admin-starter-client\3.0.0-M4\spring-boot-admin-starter-client-3.0.0-M4.jar;E:\MavenRepo\de\codecentric\spring-boot-admin-client\3.0.0-M4\spring-boot-admin-client-3.0.0-M4.jar;E:\MavenRepo\org\jetbrains\annotations\23.0.0\annotations-23.0.0.jar;E:\MavenRepo\org\springframework\data\spring-data-rest-hal-explorer\4.0.1\spring-data-rest-hal-explorer-4.0.1.jar;E:\MavenRepo\org\springframework\session\spring-session-core\3.0.0\spring-session-core-3.0.0.jar;E:\MavenRepo\org\springframework\spring-jcl\6.0.4\spring-jcl-6.0.4.jar;E:\MavenRepo\org\springframework\retry\spring-retry\2.0.0\spring-retry-2.0.0.jar;E:\MavenRepo\org\springframework\spring-aspects\6.0.4\spring-aspects-6.0.4.jar;E:\MavenRepo\org\aspectj\aspectjweaver\1.9.19\aspectjweaver-1.9.19.jar;E:\MavenRepo\org\springframework\boot\spring-boot-configuration-processor\3.0.2\spring-boot-configuration-processor-3.0.2.jar;E:\MavenRepo\org\projectlombok\lombok\1.18.24\lombok-1.18.24.jar;E:\MavenRepo\org\springframework\boot\spring-boot-starter-test\3.0.2\spring-boot-starter-test-3.0.2.jar;E:\MavenRepo\org\springframework\boot\spring-boot-test\3.0.2\spring-boot-test-3.0.2.jar;E:\MavenRepo\org\springframework\boot\spring-boot-test-autoconfigure\3.0.2\spring-boot-test-autoconfigure-3.0.2.jar;E:\MavenRepo\com\jayway\jsonpath\json-path\2.7.0\json-path-2.7.0.jar;E:\MavenRepo\net\minidev\json-smart\2.4.8\json-smart-2.4.8.jar;E:\MavenRepo\net\minidev\accessors-smart\2.4.8\accessors-smart-2.4.8.jar;E:\MavenRepo\org\ow2\asm\asm\9.1\asm-9.1.jar;E:\MavenRepo\jakarta\xml\bind\jakarta.xml.bind-api\4.0.0\jakarta.xml.bind-api-4.0.0.jar;E:\MavenRepo\org\assertj\assertj-core\3.23.1\assertj-core-3.23.1.jar;E:\MavenRepo\org\hamcrest\hamcrest\2.2\hamcrest-2.2.jar;E:\MavenRepo\org\junit\jupiter\junit-jupiter\5.9.2\junit-jupiter-5.9.2.jar;E:\MavenRepo\org\junit\jupiter\junit-jupiter-params\5.9.2\junit-jupiter-params-5.9.2.jar;E:\MavenRepo\org\junit\jupiter\junit-jupiter-engine\5.9.2\junit-jupiter-engine-5.9.2.jar;E:\MavenRepo\org\junit\platform\junit-platform-engine\1.9.2\junit-platform-engine-1.9.2.jar;E:\MavenRepo\org\mockito\mockito-core\4.8.1\mockito-core-4.8.1.jar;E:\MavenRepo\net\bytebuddy\byte-buddy-agent\1.12.22\byte-buddy-agent-1.12.22.jar;E:\MavenRepo\org\objenesis\objenesis\3.2\objenesis-3.2.jar;E:\MavenRepo\org\mockito\mockito-junit-jupiter\4.8.1\mockito-junit-jupiter-4.8.1.jar;E:\MavenRepo\org\skyscreamer\jsonassert\1.5.1\jsonassert-1.5.1.jar;E:\MavenRepo\com\vaadin\external\google\android-json\0.0.20131108.vaadin1\android-json-0.0.20131108.vaadin1.jar;E:\MavenRepo\org\springframework\spring-core\6.0.4\spring-core-6.0.4.jar;E:\MavenRepo\org\springframework\spring-test\6.0.4\spring-test-6.0.4.jar;E:\MavenRepo\org\xmlunit\xmlunit-core\2.9.1\xmlunit-core-2.9.1.jar;E:\MavenRepo\com\unboundid\unboundid-ldapsdk\6.0.7\unboundid-ldapsdk-6.0.7.jar;E:\MavenRepo\org\springframework\cloud\spring-cloud-starter-contract-stub-runner\4.0.1\spring-cloud-starter-contract-stub-runner-4.0.1.jar;E:\MavenRepo\org\springframework\cloud\spring-cloud-contract-stub-runner\4.0.1\spring-cloud-contract-stub-runner-4.0.1.jar;E:\MavenRepo\org\springframework\cloud\spring-cloud-contract-verifier\4.0.1\spring-cloud-contract-verifier-4.0.1.jar;E:\MavenRepo\org\apache\commons\commons-text\1.10.0\commons-text-1.10.0.jar;E:\MavenRepo\javax\inject\javax.inject\1\javax.inject-1.jar;E:\MavenRepo\com\toomuchcoding\jsonassert\jsonassert\0.6.2\jsonassert-0.6.2.jar;E:\MavenRepo\com\rackspace\eclipse\webtools\sourceediting\org.eclipse.wst.xml.xpath2.processor\2.1.100\org.eclipse.wst.xml.xpath2.processor-2.1.100.jar;E:\MavenRepo\edu\princeton\cup\java-cup\10k\java-cup-10k.jar;E:\MavenRepo\com\ibm\icu\icu4j\4.6\icu4j-4.6.jar;E:\MavenRepo\org\apache\groovy\groovy\4.0.7\groovy-4.0.7.jar;E:\MavenRepo\org\apache\groovy\groovy-nio\4.0.7\groovy-nio-4.0.7.jar;E:\MavenRepo\org\apache\groovy\groovy-json\4.0.7\groovy-json-4.0.7.jar;E:\MavenRepo\org\apache\groovy\groovy-xml\4.0.7\groovy-xml-4.0.7.jar;E:\MavenRepo\com\github\jknack\handlebars\4.3.0\handlebars-4.3.0.jar;E:\MavenRepo\commons-beanutils\commons-beanutils\1.9.4\commons-beanutils-1.9.4.jar;E:\MavenRepo\commons-logging\commons-logging\1.2\commons-logging-1.2.jar;E:\MavenRepo\commons-collections\commons-collections\3.2.2\commons-collections-3.2.2.jar;E:\MavenRepo\net\javacrumbs\json-unit\json-unit-assertj\2.32.0\json-unit-assertj-2.32.0.jar;E:\MavenRepo\net\javacrumbs\json-unit\json-unit-core\2.32.0\json-unit-core-2.32.0.jar;E:\MavenRepo\net\javacrumbs\json-unit\json-unit-json-path\2.32.0\json-unit-json-path-2.32.0.jar;E:\MavenRepo\org\springframework\cloud\spring-cloud-contract-shade\4.0.1\spring-cloud-contract-shade-4.0.1.jar;E:\MavenRepo\org\springframework\cloud\spring-cloud-contract-converters\4.0.1\spring-cloud-contract-converters-4.0.1.jar;E:\MavenRepo\org\springframework\cloud\spring-cloud-contract-spec\4.0.1\spring-cloud-contract-spec-4.0.1.jar;E:\MavenRepo\org\springframework\cloud\spring-cloud-contract-spec-java\4.0.1\spring-cloud-contract-spec-java-4.0.1.jar;E:\MavenRepo\dk\brics\automaton\1.12-4\automaton-1.12-4.jar;E:\MavenRepo\org\springframework\cloud\spring-cloud-contract-spec-groovy\4.0.1\spring-cloud-contract-spec-groovy-4.0.1.jar;E:\MavenRepo\org\eclipse\jgit\org.eclipse.jgit\6.4.0.202211300538-r\org.eclipse.jgit-6.4.0.202211300538-r.jar;E:\MavenRepo\com\googlecode\javaewah\JavaEWAH\1.1.13\JavaEWAH-1.1.13.jar;E:\MavenRepo\org\eclipse\jgit\org.eclipse.jgit.ssh.jsch\6.3.0.202209071007-r\org.eclipse.jgit.ssh.jsch-6.3.0.202209071007-r.jar;E:\MavenRepo\com\jcraft\jsch\0.1.55\jsch-0.1.55.jar;E:\MavenRepo\com\jcraft\jzlib\1.1.3\jzlib-1.1.3.jar;E:\MavenRepo\com\jcraft\jsch.agentproxy.sshagent\0.0.9\jsch.agentproxy.sshagent-0.0.9.jar;E:\MavenRepo\com\jcraft\jsch.agentproxy.core\0.0.9\jsch.agentproxy.core-0.0.9.jar;E:\MavenRepo\com\jcraft\jsch.agentproxy.jsch\0.0.9\jsch.agentproxy.jsch-0.0.9.jar;E:\MavenRepo\com\jcraft\jsch.agentproxy.usocket-jna\0.0.9\jsch.agentproxy.usocket-jna-0.0.9.jar;E:\MavenRepo\net\java\dev\jna\jna-platform\4.1.0\jna-platform-4.1.0.jar;E:\MavenRepo\org\springframework\cloud\spring-cloud-contract-wiremock\4.0.1\spring-cloud-contract-wiremock-4.0.1.jar;E:\MavenRepo\com\github\tomakehurst\wiremock-jre8-standalone\2.35.0\wiremock-jre8-standalone-2.35.0.jar;E:\MavenRepo\org\springframework\cloud\spring-cloud-test-support\4.0.1\spring-cloud-test-support-4.0.1.jar;E:\MavenRepo\org\apache\maven\resolver\maven-resolver-connector-basic\1.1.1\maven-resolver-connector-basic-1.1.1.jar;E:\MavenRepo\org\apache\maven\resolver\maven-resolver-spi\1.1.1\maven-resolver-spi-1.1.1.jar;E:\MavenRepo\org\apache\maven\resolver\maven-resolver-util\1.1.1\maven-resolver-util-1.1.1.jar;E:\MavenRepo\org\apache\maven\resolver\maven-resolver-impl\1.1.1\maven-resolver-impl-1.1.1.jar;E:\MavenRepo\org\apache\maven\maven-resolver-provider\3.5.4\maven-resolver-provider-3.5.4.jar;E:\MavenRepo\org\apache\maven\maven-model\3.5.4\maven-model-3.5.4.jar;E:\MavenRepo\org\apache\maven\maven-model-builder\3.5.4\maven-model-builder-3.5.4.jar;E:\MavenRepo\org\codehaus\plexus\plexus-interpolation\1.24\plexus-interpolation-1.24.jar;E:\MavenRepo\org\apache\maven\maven-artifact\3.5.4\maven-artifact-3.5.4.jar;E:\MavenRepo\org\apache\maven\maven-builder-support\3.5.4\maven-builder-support-3.5.4.jar;E:\MavenRepo\org\apache\maven\maven-repository-metadata\3.5.4\maven-repository-metadata-3.5.4.jar;E:\MavenRepo\org\apache\maven\resolver\maven-resolver-transport-http\1.1.1\maven-resolver-transport-http-1.1.1.jar;E:\MavenRepo\org\apache\maven\resolver\maven-resolver-api\1.4.1\maven-resolver-api-1.4.1.jar;E:\MavenRepo\org\sonatype\sisu\sisu-inject-plexus\2.6.0\sisu-inject-plexus-2.6.0.jar;E:\MavenRepo\org\codehaus\plexus\plexus-component-annotations\1.5.5\plexus-component-annotations-1.5.5.jar;E:\MavenRepo\org\codehaus\plexus\plexus-classworlds\2.5.2\plexus-classworlds-2.5.2.jar;E:\MavenRepo\org\codehaus\plexus\plexus-utils\3.0.18\plexus-utils-3.0.18.jar;E:\MavenRepo\org\sonatype\sisu\sisu-inject-bean\2.6.0\sisu-inject-bean-2.6.0.jar;E:\MavenRepo\javax\enterprise\cdi-api\1.0\cdi-api-1.0.jar;E:\MavenRepo\javax\annotation\jsr250-api\1.0\jsr250-api-1.0.jar;E:\MavenRepo\org\sonatype\sisu\sisu-guice\3.2.5\sisu-guice-3.2.5-no_aop.jar;E:\MavenRepo\org\eclipse\sisu\org.eclipse.sisu.inject\0.3.0\org.eclipse.sisu.inject-0.3.0.jar;E:\MavenRepo\org\eclipse\sisu\org.eclipse.sisu.plexus\0.3.0\org.eclipse.sisu.plexus-0.3.0.jar;E:\MavenRepo\org\springframework\restdocs\spring-restdocs-mockmvc\3.0.0\spring-restdocs-mockmvc-3.0.0.jar;E:\MavenRepo\org\springframework\restdocs\spring-restdocs-core\3.0.0\spring-restdocs-core-3.0.0.jar;E:\MavenRepo\jakarta\servlet\jakarta.servlet-api\6.0.0\jakarta.servlet-api-6.0.0.jar;E:\MavenRepo\org\testcontainers\junit-jupiter\1.17.6\junit-jupiter-1.17.6.jar;E:\MavenRepo\org\testcontainers\testcontainers\1.17.6\testcontainers-1.17.6.jar;E:\MavenRepo\junit\junit\4.13.2\junit-4.13.2.jar;E:\MavenRepo\org\hamcrest\hamcrest-core\2.2\hamcrest-core-2.2.jar;E:\MavenRepo\org\apache\commons\commons-compress\1.22\commons-compress-1.22.jar;E:\MavenRepo\org\rnorth\duct-tape\duct-tape\1.0.8\duct-tape-1.0.8.jar;E:\MavenRepo\com\github\docker-java\docker-java-api\3.2.13\docker-java-api-3.2.13.jar;E:\MavenRepo\com\github\docker-java\docker-java-transport-zerodep\3.2.13\docker-java-transport-zerodep-3.2.13.jar;E:\MavenRepo\org\junit\jupiter\junit-jupiter-api\5.9.2\junit-jupiter-api-5.9.2.jar;E:\MavenRepo\org\opentest4j\opentest4j\1.2.0\opentest4j-1.2.0.jar;E:\MavenRepo\org\junit\platform\junit-platform-commons\1.9.2\junit-platform-commons-1.9.2.jar;E:\MavenRepo\org\apiguardian\apiguardian-api\1.1.2\apiguardian-api-1.1.2.jar;E:\MavenRepo\org\springframework\boot\spring-boot-starter-validation\3.0.2\spring-boot-starter-validation-3.0.2.jar;E:\MavenRepo\org\apache\tomcat\embed\tomcat-embed-el\10.1.5\tomcat-embed-el-10.1.5.jar;E:\MavenRepo\org\hibernate\validator\hibernate-validator\8.0.0.Final\hibernate-validator-8.0.0.Final.jar;E:\MavenRepo\jakarta\validation\jakarta.validation-api\3.0.2\jakarta.validation-api-3.0.2.jar;E:\MavenRepo\com\alibaba\druid-spring-boot-starter\1.2.16\druid-spring-boot-starter-1.2.16.jar;E:\MavenRepo\com\alibaba\druid\1.2.16\druid-1.2.16.jar;E:\MavenRepo\org\springframework\boot\spring-boot-autoconfigure\3.0.2\spring-boot-autoconfigure-3.0.2.jar
Launcher Type: SUN_STANDARD

[Global flags]
     intx CICompilerCount                          = 12                                        {product} {ergonomic}
     uint ConcGCThreads                            = 3                                         {product} {ergonomic}
     uint G1ConcRefinementThreads                  = 13                                        {product} {ergonomic}
   size_t G1HeapRegionSize                         = 4194304                                   {product} {ergonomic}
    uintx GCDrainStackTargetSize                   = 64                                        {product} {ergonomic}
   size_t InitialHeapSize                          = 536870912                                 {product} {ergonomic}
   size_t MarkStackSize                            = 4194304                                   {product} {ergonomic}
   size_t MaxHeapSize                              = 8573157376                                {product} {ergonomic}
   size_t MaxNewSize                               = 5142216704                                {product} {ergonomic}
   size_t MinHeapDeltaBytes                        = 4194304                                   {product} {ergonomic}
   size_t MinHeapSize                              = 8388608                                   {product} {ergonomic}
    uintx NonNMethodCodeHeapSize                   = 7602480                                {pd product} {ergonomic}
    uintx NonProfiledCodeHeapSize                  = 122027880                              {pd product} {ergonomic}
    uintx ProfiledCodeHeapSize                     = 122027880                              {pd product} {ergonomic}
    uintx ReservedCodeCacheSize                    = 251658240                              {pd product} {ergonomic}
     bool SegmentedCodeCache                       = true                                      {product} {ergonomic}
   size_t SoftMaxHeapSize                          = 8573157376                             {manageable} {ergonomic}
     bool UseCompressedClassPointers               = true                           {product lp64_product} {ergonomic}
     bool UseCompressedOops                        = true                           {product lp64_product} {ergonomic}
     bool UseG1GC                                  = true                                      {product} {ergonomic}
     bool UseLargePagesIndividualAllocation        = false                                  {pd product} {ergonomic}

Logging:
Log output configuration:
 #0: stdout all=warning uptime,level,tags foldmultilines=false
 #1: stderr all=off uptime,level,tags foldmultilines=false

Environment Variables:
JAVA_HOME=D:\Program Files\jdk-1.8
CLASSPATH=.;D:\Program Files\jdk-1.8\lib\dt.jar;D:\Program Files\jdk-1.8\lib\tools.jar
PATH=E:\Program Files (x86)\Python27\;E:\Program Files (x86)\Python27\Scripts;C:\Python310\Scripts\;C:\Python310\;C:\Program Files (x86)\Common Files\Intel\Shared Libraries\redist\intel64_win\compiler;D:\Program Files\jdk-1.8\bin;C:\Program Files (x86)\Common Files\Oracle\Java\javapath;C:\WINDOWS\system32;C:\WINDOWS;C:\WINDOWS\System32\Wbem;C:\WINDOWS\System32\WindowsPowerShell\v1.0\;C:\WINDOWS\System32\OpenSSH\;D:\Program Files\Microsoft VS Code\bin;D:\flutter\bin;D:\Microsoft\AndroidSDK\25\platform-tools;D:\Microsoft\AndroidSDK\25\tools;D:\Program Files\dex2jar-2.0;D:\Program Files;D:\Program Files\ApkIDE;D:\Program Files\Git\cmd;C:\composer;D:\mingw64\bin;D:\Program Files\CMAKE\bin;C:\Program Files\Microsoft SQL Server\130\Tools\Binn\;C:\Program Files (x86)\GtkSharp\2.12\bin;D:\Program Files\jdk-1.8\jre\bin;C:\ProgramData\chocolatey\bin;C:\Program Files\Go\bin;E:\Program Files (x86)\web\dll;D:\Program Files\nodejs\;D:\Program Files\Redis\;C:\Program Files (x86)\Google\Chrome\Application;C:\Program Files (x86)\ZeroTier\One\;C:\Users\Joey\AppData\Local\Programs\Python\Python38\Scripts\;C:\Users\Joey\AppData\Local\Programs\Python\Python38\;C:\Users\Joey\AppData\Local\Microsoft\WindowsApps;D:\Program Files\Fiddler;C:\modeltech64_10.4\win64;D:\Program Files\VMware;C:\Users\Joey\AppData\Local\Microsoft\WindowsApps;D:\phpstudy_pro\Extensions\php\php7.4.3nts;C:\Users\Joey\AppData\Roaming\Composer\vendor\bin;D:\Program Files\IntelliJ IDEA Community Edition 2021.3.2\bin;;D:\Idea\IntelliJ IDEA 2022.3.2\bin;;C:\Program Files\Go\bin;E:\Programs\opencv\build\x64\vc15\bin;C:\Users\Joey\AppData\Roaming\npm;E:\Programs\DevEco Studio 2.1.0.501\bin;
USERNAME=Joey
OS=Windows_NT
PROCESSOR_IDENTIFIER=Intel64 Family 6 Model 62 Stepping 4, GenuineIntel
TMP=C:\Users\Joey\AppData\Local\Temp
TEMP=C:\Users\Joey\AppData\Local\Temp



---------------  S Y S T E M  ---------------

OS:
 Windows 10 , 64 bit Build 19041 (10.0.19041.2913)
OS uptime: 2 days 10:25 hours

CPU: total 16 (initial active 16) (8 cores per cpu, 2 threads per core) family 6 model 62 stepping 4 microcode 0x42e, cx8, cmov, fxsr, ht, mmx, sse, sse2, sse3, ssse3, sse4.1, sse4.2, popcnt, tsc, tscinvbit, avx, aes, erms, clmul, vzeroupper, clflush, rdtscp

Memory: 4k page, system-wide physical 32694M (9103M free)
TotalPageFile size 32694M (AvailPageFile size 7M)
current process WorkingSet (physical memory assigned to process): 289M, peak: 292M
current process commit charge ("private bytes"): 349M, peak: 717M

vm_info: OpenJDK 64-Bit Server VM (19.0.2+7-44) for windows-amd64 JRE (19.0.2+7-44), built on 2022-11-30T18:02:09Z by "mach5one" with MS VC++ 17.1 (VS2022)

END.
